#
# A fatal error has been detected by the Java Runtime Environment:
#
#  EXCEPTION_ACCESS_VIOLATION (0xc0000005) at pc=0x000000006466a4f0, pid=4124, tid=0x000000000000110c
#
# JRE version: OpenJDK Runtime Environment (8.0_152-b01) (build 1.8.0_152-release-915-b01)
# Java VM: OpenJDK 64-Bit Server VM (25.152-b01 mixed mode windows-amd64 compressed oops)
# Problematic frame:
# V  [jvm.dll+0x8a4f0]
#
# Failed to write core dump. Minidumps are not enabled by default on client versions of Windows
#
# If you would like to submit a bug report, please visit:
#   http://bugreport.java.com/bugreport/crash.jsp
#

---------------  T H R E A D  ---------------

Current thread (0x0000000055018800):  VMThread [stack: 0x0000000056210000,0x0000000056310000] [id=4364]

siginfo: ExceptionCode=0xc0000005, reading address 0x00000000106ae220

Registers:
RAX=0x0000000000000001, RBX=0x00000000eb7fc278, RCX=0x00000000eb7fc278, RDX=0x00000000106ae218
RSP=0x000000005630f298, RBP=0x00000000000083b0, RSI=0x00000000550160c0, RDI=0x00000000fc130050
R8 =0x00000000550160c0, R9 =0x0000000000000005, R10=0x0000000000000008, R11=0x00000000fcac1330
R12=0x0000000055017b20, R13=0x0000000000000001, R14=0x0000000000000000, R15=0x0000000058979da0
RIP=0x000000006466a4f0, EFLAGS=0x0000000000010206

Top of Stack: (sp=0x000000005630f298)
0x000000005630f298:   00000000649ac0d2 00000000eb771270
0x000000005630f2a8:   0000000000000002 00000000550160c0
0x000000005630f2b8:   00000000649b01ee 00000000fcab9340
0x000000005630f2c8:   0000000000001000 0000000001c6e000
0x000000005630f2d8:   0000000064d4c2c8 0000000000000000
0x000000005630f2e8:   0000000058979801 0000000055017b20
0x000000005630f2f8:   00000000649ac440 00000000fcaa36f8
0x000000005630f308:   00000000000083b0 00000000550160c0
0x000000005630f318:   00000000fc130050 00000000fcaa36f8
0x000000005630f328:   00000000649ace15 000000005764f00d
0x000000005630f338:   0000000055017b20 00000000fcaa4630
0x000000005630f348:   00000000649ac351 00000000fe4ee330
0x000000005630f358:   000000000000000f 00000000550160c0
0x000000005630f368:   0000003700000000 00000000fca90a80
0x000000005630f378:   0000003600000000 0000000000000000
0x000000005630f388:   0000000000000000 0000000000000000 

Instructions: (pc=0x000000006466a4f0)
0x000000006466a4d0:   ac 50 1d 00 48 8b 9c 24 c0 00 00 00 48 81 c4 b0
0x000000006466a4e0:   00 00 00 5d c3 cc cc cc cc cc cc cc cc cc cc cc
0x000000006466a4f0:   44 8b 42 08 4c 8b ca 45 85 c0 7e 0e 41 f6 c0 01
0x000000006466a500:   75 57 41 c1 f8 03 41 8b c0 c3 79 4d 80 3d 9e f3 


Register to memory mapping:

RAX=0x0000000000000001 is an unknown value
RBX=0x00000000eb7fc278 is an oop

[error occurred during error reporting (printing register info), id 0xc0000005]

Stack: [0x0000000056210000,0x0000000056310000],  sp=0x000000005630f298,  free space=1020k
Native frames: (J=compiled Java code, j=interpreted, Vv=VM code, C=native code)
V  [jvm.dll+0x8a4f0]

VM_Operation (0x000000005dded3b0): ParallelGCFailedAllocation, mode: safepoint, requested by thread 0x000000005764f800


---------------  P R O C E S S  ---------------

Java Threads: ( => current thread )
  0x0000000057651000 JavaThread "File lock release action executor" [_thread_blocked, id=6028, stack(0x0000000060ab0000,0x0000000060bb0000)]
  0x0000000057652000 JavaThread "Memory manager" [_thread_blocked, id=3420, stack(0x000000005f9b0000,0x000000005fab0000)]
  0x0000000057650800 JavaThread "Build operations Thread 4" [_thread_blocked, id=5760, stack(0x000000005e3e0000,0x000000005e4e0000)]
  0x000000005764f800 JavaThread "Build operations Thread 3" [_thread_blocked, id=5764, stack(0x000000005dcf0000,0x000000005ddf0000)]
  0x000000005764f000 JavaThread "Build operations Thread 2" [_thread_blocked, id=5768, stack(0x000000005df50000,0x000000005e050000)]
  0x000000005764e000 JavaThread "Build operations" [_thread_blocked, id=1976, stack(0x000000005de20000,0x000000005df20000)]
  0x000000005764c000 JavaThread "Cache worker for Artifact transforms cache (C:\Users\mohamadReza\.gradle\caches\transforms-1)" [_thread_blocked, id=788, stack(0x000000005a7e0000,0x000000005a8e0000)]
  0x0000000058c47000 JavaThread "Cache worker for file hash cache (D:\Android\MyWorks\GIT_APPS\AndroidCoreTemplate\.gradle\4.6\fileHashes)" [_thread_blocked, id=3240, stack(0x000000005afd0000,0x000000005b0d0000)]
  0x0000000058925800 JavaThread "File lock request listener" [_thread_in_native, id=296, stack(0x000000005adf0000,0x000000005aef0000)]
  0x0000000058acf800 JavaThread "Cache worker for file hash cache (C:\Users\mohamadReza\.gradle\caches\4.6\fileHashes)" [_thread_blocked, id=3524, stack(0x000000005ac60000,0x000000005ad60000)]
  0x00000000583a7000 JavaThread "Asynchronous log dispatcher for DefaultDaemonConnection: socket connection from /127.0.0.1:50531 to /127.0.0.1:50532" [_thread_blocked, id=3496, stack(0x000000005a550000,0x000000005a650000)]
  0x00000000583a4800 JavaThread "Daemon worker" [_thread_blocked, id=2748, stack(0x000000005a6c0000,0x000000005a7c0000)]
  0x0000000058467000 JavaThread "Cancel handler" [_thread_blocked, id=3060, stack(0x0000000059e90000,0x0000000059f90000)]
  0x00000000581e7800 JavaThread "Handler for socket connection from /127.0.0.1:50531 to /127.0.0.1:50532" [_thread_in_native, id=660, stack(0x000000005a240000,0x000000005a340000)]
  0x000000005846d800 JavaThread "Daemon" [_thread_blocked, id=3604, stack(0x000000005a0b0000,0x000000005a1b0000)]
  0x0000000058474800 JavaThread "Daemon periodic checks" [_thread_blocked, id=3688, stack(0x0000000056ee0000,0x0000000056fe0000)]
  0x000000005807d800 JavaThread "Incoming local TCP Connector on port 50531" [_thread_in_native, id=3616, stack(0x0000000059fa0000,0x000000005a0a0000)]
  0x00000000565ec800 JavaThread "Service Thread" daemon [_thread_blocked, id=5580, stack(0x0000000057130000,0x0000000057230000)]
  0x0000000055086000 JavaThread "C1 CompilerThread2" daemon [_thread_blocked, id=3976, stack(0x0000000057020000,0x0000000057120000)]
  0x000000005658b800 JavaThread "C2 CompilerThread1" daemon [_thread_blocked, id=4644, stack(0x0000000056dc0000,0x0000000056ec0000)]
  0x0000000056584000 JavaThread "C2 CompilerThread0" daemon [_thread_blocked, id=4244, stack(0x0000000056b40000,0x0000000056c40000)]
  0x0000000056582800 JavaThread "Attach Listener" daemon [_thread_blocked, id=2512, stack(0x0000000056350000,0x0000000056450000)]
  0x0000000055084800 JavaThread "Signal Dispatcher" daemon [_thread_blocked, id=5900, stack(0x00000000569c0000,0x0000000056ac0000)]
  0x0000000055067800 JavaThread "Finalizer" daemon [_thread_blocked, id=4700, stack(0x0000000056480000,0x0000000056580000)]
  0x0000000055020800 JavaThread "Reference Handler" daemon [_thread_blocked, id=5740, stack(0x0000000056100000,0x0000000056200000)]
  0x0000000001c6e000 JavaThread "main" [_thread_blocked, id=4712, stack(0x0000000002370000,0x0000000002470000)]

Other Threads:
=>0x0000000055018800 VMThread [stack: 0x0000000056210000,0x0000000056310000] [id=4364]
  0x00000000565f7800 WatcherThread [stack: 0x0000000056c60000,0x0000000056d60000] [id=3992]

VM state:at safepoint (normal execution)

VM Mutex/Monitor currently owned by a thread:  ([mutex/lock_event])
[0x0000000001c6c6c0] Threads_lock - owner thread: 0x0000000055018800
[0x0000000001c6cbc0] Heap_lock - owner thread: 0x000000005764f800

Heap:
 PSYoungGen      total 297984K, used 294565K [0x00000000eab00000, 0x00000000ff300000, 0x0000000100000000)
  eden space 268288K, 100% used [0x00000000eab00000,0x00000000fb100000,0x00000000fb100000)
  from space 29696K, 88% used [0x00000000fd600000,0x00000000fefa97a0,0x00000000ff300000)
  to   space 33792K, 78% used [0x00000000fb100000,0x00000000fcac1340,0x00000000fd200000)
 ParOldGen       total 133632K, used 40169K [0x00000000c0000000, 0x00000000c8280000, 0x00000000eab00000)
  object space 133632K, 30% used [0x00000000c0000000,0x00000000c273a538,0x00000000c8280000)
 Metaspace       used 66893K, capacity 69218K, committed 69376K, reserved 1110016K
  class space    used 8824K, capacity 9458K, committed 9472K, reserved 1048576K

Card table byte_map: [0x0000000011b00000,0x0000000011d10000] byte_map_base: 0x0000000011500000

Marking Bits: (ParMarkBitMap*) 0x0000000064da3950
 Begin Bits: [0x0000000012490000, 0x0000000013490000)
 End Bits:   [0x0000000013490000, 0x0000000014490000)

Polling page: 0x0000000000240000

CodeCache: size=245760Kb used=32376Kb max_used=32444Kb free=213383Kb
 bounds [0x0000000002740000, 0x0000000004720000, 0x0000000011740000]
 total_blobs=10152 nmethods=9323 adapters=742
 compilation: enabled

Compilation events (10 events):
Event: 711.910 Thread 0x0000000055086000 11366       3       org.gradle.api.internal.changedetection.state.DefaultFileSystemSnapshotter::fileSnapshot (25 bytes)
Event: 711.910 Thread 0x0000000055086000 nmethod 11366 0x0000000004238a90 code [0x0000000004238c20, 0x0000000004239028]
Event: 712.524 Thread 0x0000000055086000 11367       3       org.gradle.api.internal.changedetection.state.CollectingFileCollectionSnapshotBuilder::collectFileSnapshot (42 bytes)
Event: 712.525 Thread 0x0000000055086000 nmethod 11367 0x0000000004643ad0 code [0x0000000004643c80, 0x0000000004644298]
Event: 712.526 Thread 0x0000000055086000 11368       3       org.gradle.api.internal.changedetection.state.RegularFileSnapshot::<init> (26 bytes)
Event: 712.526 Thread 0x0000000055086000 nmethod 11368 0x0000000003520890 code [0x00000000035209e0, 0x0000000003520bd0]
Event: 712.526 Thread 0x0000000055086000 11369       3       org.gradle.api.internal.changedetection.state.RegularFileSnapshot::getType (4 bytes)
Event: 712.526 Thread 0x0000000055086000 nmethod 11369 0x000000000362d9d0 code [0x000000000362db20, 0x000000000362dc70]
Event: 712.559 Thread 0x0000000055086000 11370       3       org.gradle.api.internal.changedetection.state.TaskFilePropertyCompareStrategy::appendToHasher (12 bytes)
Event: 712.559 Thread 0x0000000055086000 nmethod 11370 0x00000000033ba010 code [0x00000000033ba180, 0x00000000033ba3a8]

GC Heap History (10 events):
Event: 99.828 GC heap after
Heap after GC invocations=13 (full 2):
 PSYoungGen      total 221696K, used 15344K [0x00000000eab00000, 0x00000000fbc80000, 0x0000000100000000)
  eden space 206336K, 0% used [0x00000000eab00000,0x00000000eab00000,0x00000000f7480000)
  from space 15360K, 99% used [0x00000000f7480000,0x00000000f837c138,0x00000000f8380000)
  to   space 20480K, 0% used [0x00000000fa880000,0x00000000fa880000,0x00000000fbc80000)
 ParOldGen       total 88064K, used 26288K [0x00000000c0000000, 0x00000000c5600000, 0x00000000eab00000)
  object space 88064K, 29% used [0x00000000c0000000,0x00000000c19ac100,0x00000000c5600000)
 Metaspace       used 51408K, capacity 52626K, committed 52736K, reserved 1095680K
  class space    used 6701K, capacity 7143K, committed 7168K, reserved 1048576K
}
Event: 103.759 GC heap before
{Heap before GC invocations=14 (full 2):
 PSYoungGen      total 221696K, used 218156K [0x00000000eab00000, 0x00000000fbc80000, 0x0000000100000000)
  eden space 206336K, 98% used [0x00000000eab00000,0x00000000f710f150,0x00000000f7480000)
  from space 15360K, 99% used [0x00000000f7480000,0x00000000f837c138,0x00000000f8380000)
  to   space 20480K, 0% used [0x00000000fa880000,0x00000000fa880000,0x00000000fbc80000)
 ParOldGen       total 88064K, used 26288K [0x00000000c0000000, 0x00000000c5600000, 0x00000000eab00000)
  object space 88064K, 29% used [0x00000000c0000000,0x00000000c19ac100,0x00000000c5600000)
 Metaspace       used 57564K, capacity 58962K, committed 59028K, reserved 1099776K
  class space    used 7515K, capacity 8013K, committed 8064K, reserved 1048576K
Event: 103.810 GC heap after
Heap after GC invocations=14 (full 2):
 PSYoungGen      total 254464K, used 20449K [0x00000000eab00000, 0x00000000fc900000, 0x0000000100000000)
  eden space 233984K, 0% used [0x00000000eab00000,0x00000000eab00000,0x00000000f8f80000)
  from space 20480K, 99% used [0x00000000fa880000,0x00000000fbc78628,0x00000000fbc80000)
  to   space 25600K, 0% used [0x00000000f8f80000,0x00000000f8f80000,0x00000000fa880000)
 ParOldGen       total 88064K, used 30658K [0x00000000c0000000, 0x00000000c5600000, 0x00000000eab00000)
  object space 88064K, 34% used [0x00000000c0000000,0x00000000c1df0870,0x00000000c5600000)
 Metaspace       used 57564K, capacity 58962K, committed 59028K, reserved 1099776K
  class space    used 7515K, capacity 8013K, committed 8064K, reserved 1048576K
}
Event: 103.810 GC heap before
{Heap before GC invocations=15 (full 3):
 PSYoungGen      total 254464K, used 20449K [0x00000000eab00000, 0x00000000fc900000, 0x0000000100000000)
  eden space 233984K, 0% used [0x00000000eab00000,0x00000000eab00000,0x00000000f8f80000)
  from space 20480K, 99% used [0x00000000fa880000,0x00000000fbc78628,0x00000000fbc80000)
  to   space 25600K, 0% used [0x00000000f8f80000,0x00000000f8f80000,0x00000000fa880000)
 ParOldGen       total 88064K, used 30658K [0x00000000c0000000, 0x00000000c5600000, 0x00000000eab00000)
  object space 88064K, 34% used [0x00000000c0000000,0x00000000c1df0870,0x00000000c5600000)
 Metaspace       used 57564K, capacity 58962K, committed 59028K, reserved 1099776K
  class space    used 7515K, capacity 8013K, committed 8064K, reserved 1048576K
Event: 104.195 GC heap after
Heap after GC invocations=15 (full 3):
 PSYoungGen      total 254464K, used 0K [0x00000000eab00000, 0x00000000fc900000, 0x0000000100000000)
  eden space 233984K, 0% used [0x00000000eab00000,0x00000000eab00000,0x00000000f8f80000)
  from space 20480K, 0% used [0x00000000fa880000,0x00000000fa880000,0x00000000fbc80000)
  to   space 25600K, 0% used [0x00000000f8f80000,0x00000000f8f80000,0x00000000fa880000)
 ParOldGen       total 133632K, used 39778K [0x00000000c0000000, 0x00000000c8280000, 0x00000000eab00000)
  object space 133632K, 29% used [0x00000000c0000000,0x00000000c26d8a20,0x00000000c8280000)
 Metaspace       used 57478K, capacity 58788K, committed 59028K, reserved 1099776K
  class space    used 7492K, capacity 7960K, committed 8064K, reserved 1048576K
}
Event: 179.983 GC heap before
{Heap before GC invocations=16 (full 3):
 PSYoungGen      total 254464K, used 233984K [0x00000000eab00000, 0x00000000fc900000, 0x0000000100000000)
  eden space 233984K, 100% used [0x00000000eab00000,0x00000000f8f80000,0x00000000f8f80000)
  from space 20480K, 0% used [0x00000000fa880000,0x00000000fa880000,0x00000000fbc80000)
  to   space 25600K, 0% used [0x00000000f8f80000,0x00000000f8f80000,0x00000000fa880000)
 ParOldGen       total 133632K, used 39778K [0x00000000c0000000, 0x00000000c8280000, 0x00000000eab00000)
  object space 133632K, 29% used [0x00000000c0000000,0x00000000c26d8a20,0x00000000c8280000)
 Metaspace       used 64576K, capacity 66682K, committed 66816K, reserved 1107968K
  class space    used 8656K, capacity 9191K, committed 9216K, reserved 1048576K
Event: 180.052 GC heap after
Heap after GC invocations=16 (full 3):
 PSYoungGen      total 259584K, used 25579K [0x00000000eab00000, 0x00000000ff380000, 0x0000000100000000)
  eden space 233984K, 0% used [0x00000000eab00000,0x00000000eab00000,0x00000000f8f80000)
  from space 25600K, 99% used [0x00000000f8f80000,0x00000000fa87acc8,0x00000000fa880000)
  to   space 30208K, 0% used [0x00000000fd600000,0x00000000fd600000,0x00000000ff380000)
 ParOldGen       total 133632K, used 40153K [0x00000000c0000000, 0x00000000c8280000, 0x00000000eab00000)
  object space 133632K, 30% used [0x00000000c0000000,0x00000000c2736538,0x00000000c8280000)
 Metaspace       used 64576K, capacity 66682K, committed 66816K, reserved 1107968K
  class space    used 8656K, capacity 9191K, committed 9216K, reserved 1048576K
}
Event: 537.053 GC heap before
{Heap before GC invocations=17 (full 3):
 PSYoungGen      total 259584K, used 259563K [0x00000000eab00000, 0x00000000ff380000, 0x0000000100000000)
  eden space 233984K, 100% used [0x00000000eab00000,0x00000000f8f80000,0x00000000f8f80000)
  from space 25600K, 99% used [0x00000000f8f80000,0x00000000fa87acc8,0x00000000fa880000)
  to   space 30208K, 0% used [0x00000000fd600000,0x00000000fd600000,0x00000000ff380000)
 ParOldGen       total 133632K, used 40153K [0x00000000c0000000, 0x00000000c8280000, 0x00000000eab00000)
  object space 133632K, 30% used [0x00000000c0000000,0x00000000c2736538,0x00000000c8280000)
 Metaspace       used 66293K, capacity 68720K, committed 68864K, reserved 1107968K
  class space    used 8795K, capacity 9423K, committed 9472K, reserved 1048576K
Event: 537.114 GC heap after
Heap after GC invocations=17 (full 3):
 PSYoungGen      total 297984K, used 26277K [0x00000000eab00000, 0x00000000ff300000, 0x0000000100000000)
  eden space 268288K, 0% used [0x00000000eab00000,0x00000000eab00000,0x00000000fb100000)
  from space 29696K, 88% used [0x00000000fd600000,0x00000000fefa97a0,0x00000000ff300000)
  to   space 33792K, 0% used [0x00000000fb100000,0x00000000fb100000,0x00000000fd200000)
 ParOldGen       total 133632K, used 40161K [0x00000000c0000000, 0x00000000c8280000, 0x00000000eab00000)
  object space 133632K, 30% used [0x00000000c0000000,0x00000000c2738538,0x00000000c8280000)
 Metaspace       used 66293K, capacity 68720K, committed 68864K, reserved 1107968K
  class space    used 8795K, capacity 9423K, committed 9472K, reserved 1048576K
}
Event: 712.969 GC heap before
{Heap before GC invocations=18 (full 3):
 PSYoungGen      total 297984K, used 294565K [0x00000000eab00000, 0x00000000ff300000, 0x0000000100000000)
  eden space 268288K, 100% used [0x00000000eab00000,0x00000000fb100000,0x00000000fb100000)
  from space 29696K, 88% used [0x00000000fd600000,0x00000000fefa97a0,0x00000000ff300000)
  to   space 33792K, 0% used [0x00000000fb100000,0x00000000fb100000,0x00000000fd200000)
 ParOldGen       total 133632K, used 40161K [0x00000000c0000000, 0x00000000c8280000, 0x00000000eab00000)
  object space 133632K, 30% used [0x00000000c0000000,0x00000000c2738538,0x00000000c8280000)
 Metaspace       used 66893K, capacity 69218K, committed 69376K, reserved 1110016K
  class space    used 8824K, capacity 9458K, committed 9472K, reserved 1048576K

Deoptimization events (10 events):
Event: 631.956 Thread 0x00000000583a4800 Uncommon trap: reason=bimorphic action=maybe_recompile pc=0x0000000003043968 method=java.io.DataOutputStream.writeShort(I)V @ 12
Event: 647.504 Thread 0x00000000583a4800 Uncommon trap: reason=unstable_if action=reinterpret pc=0x000000000339bcd4 method=com.esotericsoftware.kryo.io.Output.writeInt(IZ)I @ 17
Event: 655.096 Thread 0x0000000057650800 Uncommon trap: reason=class_check action=maybe_recompile pc=0x0000000002fc1254 method=java.util.concurrent.ConcurrentHashMap.putVal(Ljava/lang/Object;Ljava/lang/Object;Z)Ljava/lang/Object; @ 192
Event: 655.321 Thread 0x000000005764e000 Uncommon trap: reason=class_check action=maybe_recompile pc=0x0000000002fc1254 method=java.util.concurrent.ConcurrentHashMap.putVal(Ljava/lang/Object;Ljava/lang/Object;Z)Ljava/lang/Object; @ 192
Event: 658.409 Thread 0x000000005764f000 Uncommon trap: reason=class_check action=maybe_recompile pc=0x0000000002fc1254 method=java.util.concurrent.ConcurrentHashMap.putVal(Ljava/lang/Object;Ljava/lang/Object;Z)Ljava/lang/Object; @ 192
Event: 659.371 Thread 0x000000005764f000 Uncommon trap: reason=class_check action=maybe_recompile pc=0x0000000002fc1254 method=java.util.concurrent.ConcurrentHashMap.putVal(Ljava/lang/Object;Ljava/lang/Object;Z)Ljava/lang/Object; @ 192
Event: 680.499 Thread 0x000000005764f000 Uncommon trap: reason=bimorphic action=maybe_recompile pc=0x0000000003327f8c method=java.util.HashMap.removeNode(ILjava/lang/Object;Ljava/lang/Object;ZZ)Ljava/util/HashMap$Node; @ 283
Event: 683.475 Thread 0x000000005764e000 Uncommon trap: reason=bimorphic action=maybe_recompile pc=0x0000000003327f8c method=java.util.HashMap.removeNode(ILjava/lang/Object;Ljava/lang/Object;ZZ)Ljava/util/HashMap$Node; @ 283
Event: 692.497 Thread 0x0000000057650800 Uncommon trap: reason=speculate_class_check action=maybe_recompile pc=0x00000000046982e0 method=java.lang.StringCoding.encode(Ljava/nio/charset/Charset;[CII)[B @ 99
Event: 693.517 Thread 0x000000005764e000 Uncommon trap: reason=speculate_class_check action=maybe_recompile pc=0x00000000046982e0 method=java.lang.StringCoding.encode(Ljava/nio/charset/Charset;[CII)[B @ 99

Classes redefined (0 events):
No events

Internal exceptions (10 events):
Event: 705.393 Thread 0x000000005764f000 Exception <a 'java/net/SocketTimeoutException': Read timed out> (0x00000000f95a4738) thrown at [D:\src\AOSP-openjdk-cygwin\jdk8u\hotspot\src\share\vm\prims\jni.cpp, line 735]
Event: 706.398 Thread 0x000000005764e000 Exception <a 'java/net/SocketTimeoutException': Read timed out> (0x00000000f9fee0d8) thrown at [D:\src\AOSP-openjdk-cygwin\jdk8u\hotspot\src\share\vm\prims\jni.cpp, line 735]
Event: 706.797 Thread 0x000000005764f000 Exception <a 'java/net/SocketTimeoutException': Read timed out> (0x00000000fa07c488) thrown at [D:\src\AOSP-openjdk-cygwin\jdk8u\hotspot\src\share\vm\prims\jni.cpp, line 735]
Event: 706.812 Thread 0x000000005764f800 Exception <a 'java/net/SocketTimeoutException': Read timed out> (0x00000000fa129a98) thrown at [D:\src\AOSP-openjdk-cygwin\jdk8u\hotspot\src\share\vm\prims\jni.cpp, line 735]
Event: 707.015 Thread 0x000000005764f000 Exception <a 'java/net/SocketTimeoutException': Read timed out> (0x00000000fa08d8b8) thrown at [D:\src\AOSP-openjdk-cygwin\jdk8u\hotspot\src\share\vm\prims\jni.cpp, line 735]
Event: 707.015 Thread 0x000000005764f800 Exception <a 'java/net/SocketTimeoutException': Read timed out> (0x00000000fa13ad60) thrown at [D:\src\AOSP-openjdk-cygwin\jdk8u\hotspot\src\share\vm\prims\jni.cpp, line 735]
Event: 709.570 Thread 0x000000005764f000 Exception <a 'java/net/SocketTimeoutException': Read timed out> (0x00000000fa8fe9c0) thrown at [D:\src\AOSP-openjdk-cygwin\jdk8u\hotspot\src\share\vm\prims\jni.cpp, line 735]
Event: 709.770 Thread 0x000000005764f000 Exception <a 'java/net/SocketTimeoutException': Read timed out> (0x00000000fa904090) thrown at [D:\src\AOSP-openjdk-cygwin\jdk8u\hotspot\src\share\vm\prims\jni.cpp, line 735]
Event: 712.574 Thread 0x000000005764f800 Exception <a 'java/net/SocketTimeoutException': Read timed out> (0x00000000faedf890) thrown at [D:\src\AOSP-openjdk-cygwin\jdk8u\hotspot\src\share\vm\prims\jni.cpp, line 735]
Event: 712.766 Thread 0x000000005764f800 Exception <a 'java/net/SocketTimeoutException': Read timed out> (0x00000000faee5060) thrown at [D:\src\AOSP-openjdk-cygwin\jdk8u\hotspot\src\share\vm\prims\jni.cpp, line 735]

Events (10 events):
Event: 710.525 Thread 0x0000000055086000 flushing nmethod 0x0000000003309f10
Event: 711.094 Thread 0x0000000055086000 flushing nmethod 0x00000000033b9590
Event: 711.095 Thread 0x0000000055086000 flushing nmethod 0x00000000034f5bd0
Event: 711.095 Thread 0x0000000055086000 flushing nmethod 0x0000000003520890
Event: 711.095 Thread 0x0000000055086000 flushing nmethod 0x000000000352cbd0
Event: 711.096 Thread 0x0000000055086000 flushing nmethod 0x000000000362d9d0
Event: 711.908 Thread 0x0000000055086000 flushing nmethod 0x0000000004238a90
Event: 711.908 Thread 0x0000000055086000 flushing nmethod 0x000000000444d9d0
Event: 711.910 Thread 0x0000000055086000 flushing nmethod 0x0000000004643890
Event: 712.969 Executing VM operation: ParallelGCFailedAllocation


Dynamic libraries:
0x000000013f450000 - 0x000000013f481000 	D:\Android\Android Studio\jre\bin\java.exe
0x0000000077440000 - 0x00000000775e9000 	C:\Windows\SYSTEM32\ntdll.dll
0x0000000077320000 - 0x000000007743f000 	C:\Windows\system32\kernel32.dll
0x000007fefd300000 - 0x000007fefd36b000 	C:\Windows\system32\KERNELBASE.dll
0x000007feff260000 - 0x000007feff33b000 	C:\Windows\system32\ADVAPI32.dll
0x000007fefef90000 - 0x000007feff02f000 	C:\Windows\system32\msvcrt.dll
0x000007feff160000 - 0x000007feff17f000 	C:\Windows\SYSTEM32\sechost.dll
0x000007fefeac0000 - 0x000007fefebed000 	C:\Windows\system32\RPCRT4.dll
0x0000000077220000 - 0x000000007731a000 	C:\Windows\system32\USER32.dll
0x000007feff0e0000 - 0x000007feff147000 	C:\Windows\system32\GDI32.dll
0x000007feff150000 - 0x000007feff15e000 	C:\Windows\system32\LPK.dll
0x000007feff3f0000 - 0x000007feff4b9000 	C:\Windows\system32\USP10.dll
0x000007fefbc70000 - 0x000007fefbe64000 	C:\Windows\WinSxS\amd64_microsoft.windows.common-controls_6595b64144ccf1df_6.0.7601.17514_none_fa396087175ac9ac\COMCTL32.dll
0x000007feff6d0000 - 0x000007feff741000 	C:\Windows\system32\SHLWAPI.dll
0x000007feff3c0000 - 0x000007feff3ee000 	C:\Windows\system32\IMM32.DLL
0x000007fefd650000 - 0x000007fefd759000 	C:\Windows\system32\MSCTF.dll
0x0000000074320000 - 0x00000000743f2000 	D:\Android\Android Studio\jre\jre\bin\msvcr100.dll
0x00000000645e0000 - 0x0000000064e1e000 	D:\Android\Android Studio\jre\jre\bin\server\jvm.dll
0x000007fefb450000 - 0x000007fefb459000 	C:\Windows\system32\WSOCK32.dll
0x000007fefea70000 - 0x000007fefeabd000 	C:\Windows\system32\WS2_32.dll
0x000007feff0d0000 - 0x000007feff0d8000 	C:\Windows\system32\NSI.dll
0x000007fefa1f0000 - 0x000007fefa22b000 	C:\Windows\system32\WINMM.dll
0x000007fefc360000 - 0x000007fefc36c000 	C:\Windows\system32\VERSION.dll
0x0000000077600000 - 0x0000000077607000 	C:\Windows\system32\PSAPI.DLL
0x000007fefb1d0000 - 0x000007fefb1df000 	D:\Android\Android Studio\jre\jre\bin\verify.dll
0x000007fef0ff0000 - 0x000007fef1019000 	D:\Android\Android Studio\jre\jre\bin\java.dll
0x000007fef1300000 - 0x000007fef1316000 	D:\Android\Android Studio\jre\jre\bin\zip.dll
0x000007fefd990000 - 0x000007fefe718000 	C:\Windows\system32\SHELL32.dll
0x000007feff4c0000 - 0x000007feff6c3000 	C:\Windows\system32\ole32.dll
0x000007fefd220000 - 0x000007fefd22f000 	C:\Windows\system32\profapi.dll
0x000007fef0fd0000 - 0x000007fef0fea000 	D:\Android\Android Studio\jre\jre\bin\net.dll
0x000007fefca30000 - 0x000007fefca85000 	C:\Windows\system32\mswsock.dll
0x000007fefca20000 - 0x000007fefca27000 	C:\Windows\System32\wship6.dll
0x000007fef0e90000 - 0x000007fef0ea1000 	D:\Android\Android Studio\jre\jre\bin\nio.dll
0x000007fef0e20000 - 0x000007fef0e3e000 	C:\Users\mohamadReza\.gradle\native\25\windows-amd64\native-platform.dll
0x000007fefb1b0000 - 0x000007fefb1bd000 	D:\Android\Android Studio\jre\jre\bin\management.dll
0x000007fefca90000 - 0x000007fefcaa7000 	C:\Windows\system32\CRYPTSP.dll
0x000007fefc790000 - 0x000007fefc7d7000 	C:\Windows\system32\rsaenh.dll
0x000007fefc570000 - 0x000007fefc58e000 	C:\Windows\system32\USERENV.dll
0x000007fefd150000 - 0x000007fefd15f000 	C:\Windows\system32\CRYPTBASE.dll
0x000007fefa970000 - 0x000007fefa997000 	C:\Windows\system32\IPHLPAPI.DLL
0x000007fefa960000 - 0x000007fefa96b000 	C:\Windows\system32\WINNSI.DLL
0x000007fefa7f0000 - 0x000007fefa808000 	C:\Windows\system32\dhcpcsvc.DLL
0x000007fefa7d0000 - 0x000007fefa7e1000 	C:\Windows\system32\dhcpcsvc6.DLL
0x000007feef4f0000 - 0x000007feef514000 	D:\Android\Android Studio\jre\jre\bin\sunec.dll
0x000007fefc430000 - 0x000007fefc437000 	C:\Windows\System32\wshtcpip.dll
0x000007fefc8b0000 - 0x000007fefc90b000 	C:\Windows\system32\DNSAPI.dll
0x000007fef9900000 - 0x000007fef9908000 	C:\Windows\system32\rasadhlp.dll
0x000007fefa820000 - 0x000007fefa873000 	C:\Windows\System32\fwpuclnt.dll
0x000007fef56a0000 - 0x000007fef56ab000 	D:\Android\Android Studio\jre\jre\bin\sunmscapi.dll
0x000007fefd4c0000 - 0x000007fefd627000 	C:\Windows\system32\CRYPT32.dll
0x000007fefd2c0000 - 0x000007fefd2cf000 	C:\Windows\system32\MSASN1.dll
0x000007feee310000 - 0x000007feee435000 	C:\Windows\system32\dbghelp.dll

VM Arguments:
jvm_args: -Xmx1024m -Dfile.encoding=windows-1252 -Duser.country=US -Duser.language=en -Duser.variant 
java_command: org.gradle.launcher.daemon.bootstrap.GradleDaemon 4.6
java_class_path (initial): D:\Android\Android Studio\gradle\gradle-4.6\lib\gradle-launcher-4.6.jar
Launcher Type: SUN_STANDARD

Environment Variables:
JAVA_HOME=C:\Program Files (x86)\Java\jdk1.8.0_161\bin
PATH=C:\ProgramData\Oracle\Java\javapath;C:\Windows\system32;C:\Windows;C:\Windows\System32\Wbem;C:\Windows\System32\WindowsPowerShell\v1.0\
USERNAME=mohamadReza
OS=Windows_NT
PROCESSOR_IDENTIFIER=Intel64 Family 6 Model 23 Stepping 10, GenuineIntel



---------------  S Y S T E M  ---------------

OS: Windows 7 , 64 bit Build 7601 (6.1.7601.18015)

CPU:total 4 (initial active 4) (4 cores per cpu, 1 threads per core) family 6 model 23 stepping 10, cmov, cx8, fxsr, mmx, sse, sse2, sse3, ssse3, sse4.1, tsc

Memory: 4k page, physical 6290552k(2192452k free), swap 12579260k(8254868k free)

vm_info: OpenJDK 64-Bit Server VM (25.152-b01) for windows-amd64 JRE (1.8.0_152-release-915-b01), built by "builder" with MS VC++ 10.0 (VS2010)

time: Sat Dec 15 01:39:39 2018
elapsed time: 713 seconds (0d 0h 11m 53s)

