#
# A fatal error has been detected by the Java Runtime Environment:
#
#  EXCEPTION_ACCESS_VIOLATION (0xc0000005) at pc=0x0000000064a4cd60, pid=3540, tid=0x0000000000000ce4
#
# JRE version: OpenJDK Runtime Environment (8.0_152-b01) (build 1.8.0_152-release-915-b01)
# Java VM: OpenJDK 64-Bit Server VM (25.152-b01 mixed mode windows-amd64 compressed oops)
# Problematic frame:
# V  [jvm.dll+0x46cd60]
#
# Failed to write core dump. Minidumps are not enabled by default on client versions of Windows
#
# If you would like to submit a bug report, please visit:
#   http://bugreport.java.com/bugreport/crash.jsp
#

---------------  T H R E A D  ---------------

Current thread (0x0000000054f86800):  JavaThread "C2 CompilerThread0" daemon [_thread_in_native, id=3300, stack(0x0000000056560000,0x0000000056660000)]

siginfo: ExceptionCode=0xc0000005, reading address 0x0000000060da4070

Registers:
RAX=0x0000000000000000, RBX=0x000000005bf6f040, RCX=0x0000000060da4070, RDX=0x0000000000000000
RSP=0x000000005665c1c0, RBP=0x0000000000000002, RSI=0x0000000000000010, RDI=0x000000005665c210
R8 =0x0000000000004000, R9 =0x000000005830bca0, R10=0x00000000645e0000, R11=0x000000005665c1b0
R12=0x0000000064da4070, R13=0x00000000645e0000, R14=0x00000000582771d8, R15=0x00000000000003d8
RIP=0x0000000064a4cd60, EFLAGS=0x0000000000010246

Top of Stack: (sp=0x000000005665c1c0)
0x000000005665c1c0:   0000000064da4070 00000000000000a8
0x000000005665c1d0:   000000005bf64880 0000000064a48aae
0x000000005665c1e0:   000000000000002e 0000000064a47e2f
0x000000005665c1f0:   000000005bf6f0e0 000000005bf6f040
0x000000005665c200:   000000000000002e 000000005665c2f0
0x000000005665c210:   0000001600000000 0000000000000001
0x000000005665c220:   0000000060da4070 0000000000000001
0x000000005665c230:   000000005bf70270 0000000000000010
0x000000005665c240:   000000005bf70260 0000000058276df0
0x000000005665c250:   0000000058276e00 000000005665c5e0
0x000000005665c260:   0000000058276df0 0000000064a14263
0x000000005665c270:   000000005665c6f0 000000005665c370
0x000000005665c280:   0000000000000000 0000000000000000
0x000000005665c290:   0000000000000002 0000000058276df0
0x000000005665c2a0:   0000000058e87ff0 0000000058e8e600
0x000000005665c2b0:   0000000058e8ffd8 00000000001c2400 

Instructions: (pc=0x0000000064a4cd60)
0x0000000064a4cd40:   48 8b 4f 20 48 39 04 0e 0f 84 9d 00 00 00 48 8b
0x0000000064a4cd50:   0c 0e 33 d2 33 c0 48 89 4f 10 66 0f 1f 44 00 00
0x0000000064a4cd60:   83 3c 08 00 0f 85 36 01 00 00 ff c2 48 83 c0 04
0x0000000064a4cd70:   83 fa 08 72 eb 48 8b 47 30 48 89 44 24 30 48 85 


Register to memory mapping:

RAX=0x0000000000000000 is an unknown value
RBX=0x000000005bf6f040 is an unknown value
RCX=0x0000000060da4070 is an unknown value
RDX=0x0000000000000000 is an unknown value
RSP=0x000000005665c1c0 is pointing into the stack for thread: 0x0000000054f86800
RBP=0x0000000000000002 is an unknown value
RSI=0x0000000000000010 is an unknown value
RDI=0x000000005665c210 is pointing into the stack for thread: 0x0000000054f86800
R8 =0x0000000000004000 is an unknown value
R9 =0x000000005830bca0 is an unknown value
R10=0x00000000645e0000 is an unknown value
R11=0x000000005665c1b0 is pointing into the stack for thread: 0x0000000054f86800
R12=0x0000000064da4070 is an unknown value
R13=0x00000000645e0000 is an unknown value
R14=0x00000000582771d8 is an unknown value
R15=0x00000000000003d8 is an unknown value


Stack: [0x0000000056560000,0x0000000056660000],  sp=0x000000005665c1c0,  free space=1008k
Native frames: (J=compiled Java code, j=interpreted, Vv=VM code, C=native code)
V  [jvm.dll+0x46cd60]
V  [jvm.dll+0x467e2f]
V  [jvm.dll+0x434263]
V  [jvm.dll+0x43f19b]
V  [jvm.dll+0x441a6e]
V  [jvm.dll+0x424b32]
V  [jvm.dll+0x80fa9]
V  [jvm.dll+0x818df]
V  [jvm.dll+0x21d06f]
V  [jvm.dll+0x26d4aa]
C  [msvcr100.dll+0x21d9f]
C  [msvcr100.dll+0x21e3b]
C  [kernel32.dll+0x1652d]
C  [ntdll.dll+0x2c521]


Current CompileTask:
C2: 243070 6398       4       com.sun.crypto.provider.GaloisCounterMode::decryptFinal (279 bytes)


---------------  P R O C E S S  ---------------

Java Threads: ( => current thread )
  0x000000005b1c1800 JavaThread "Build operations Thread 4" [_thread_in_native, id=4204, stack(0x000000005e900000,0x000000005ea00000)]
  0x000000005b1c0800 JavaThread "Build operations Thread 3" [_thread_in_native, id=5796, stack(0x000000005e750000,0x000000005e850000)]
  0x000000005b1c0000 JavaThread "Build operations Thread 2" [_thread_blocked, id=5808, stack(0x000000005e4a0000,0x000000005e5a0000)]
  0x000000005b1bf000 JavaThread "Build operations" [_thread_in_native, id=5804, stack(0x000000005e5a0000,0x000000005e6a0000)]
  0x000000005b1bd800 JavaThread "Cache worker for Artifact transforms cache (C:\Users\mohamadReza\.gradle\caches\transforms-1)" [_thread_blocked, id=5800, stack(0x0000000059b50000,0x0000000059c50000)]
  0x000000005b1bd000 JavaThread "Cache worker for file hash cache (D:\Android\MyWorks\GIT_APPS\AndroidCoreTemplate\.gradle\4.6\fileHashes)" [_thread_blocked, id=5792, stack(0x000000005dd60000,0x000000005de60000)]
  0x0000000058e77000 JavaThread "Stdin handler" [_thread_blocked, id=5788, stack(0x000000005b010000,0x000000005b110000)]
  0x0000000058e76800 JavaThread "Asynchronous log dispatcher for DefaultDaemonConnection: socket connection from /127.0.0.1:49486 to /127.0.0.1:49758" [_thread_blocked, id=5784, stack(0x000000005a950000,0x000000005aa50000)]
  0x0000000058e75800 JavaThread "Daemon worker Thread 2" [_thread_in_native, id=5772, stack(0x0000000059db0000,0x0000000059eb0000)]
  0x0000000058e75000 JavaThread "Cancel handler" [_thread_blocked, id=5768, stack(0x000000005a790000,0x000000005a890000)]
  0x0000000058e74000 JavaThread "Handler for socket connection from /127.0.0.1:49486 to /127.0.0.1:49758" [_thread_in_native, id=5764, stack(0x000000005a560000,0x000000005a660000)]
  0x0000000058e72000 JavaThread "Daemon Thread 2" [_thread_blocked, id=5760, stack(0x000000005a170000,0x000000005a270000)]
  0x00000000588d5800 JavaThread "File lock request listener" [_thread_in_native, id=3656, stack(0x000000005aeb0000,0x000000005afb0000)]
  0x00000000583d9800 JavaThread "Cache worker for file hash cache (C:\Users\mohamadReza\.gradle\caches\4.6\fileHashes)" [_thread_blocked, id=3620, stack(0x000000005ad80000,0x000000005ae80000)]
  0x0000000058605000 JavaThread "Daemon periodic checks" [_thread_blocked, id=3164, stack(0x000000005a060000,0x000000005a160000)]
  0x0000000057e38000 JavaThread "Incoming local TCP Connector on port 49486" [_thread_in_native, id=1976, stack(0x0000000059ed0000,0x0000000059fd0000)]
  0x00000000569c0000 JavaThread "Service Thread" daemon [_thread_blocked, id=2420, stack(0x0000000056ea0000,0x0000000056fa0000)]
  0x0000000054f8c000 JavaThread "C1 CompilerThread2" daemon [_thread_blocked, id=3240, stack(0x00000000562f0000,0x00000000563f0000)]
  0x0000000054f8b000 JavaThread "C2 CompilerThread1" daemon [_thread_blocked, id=296, stack(0x0000000056850000,0x0000000056950000)]
=>0x0000000054f86800 JavaThread "C2 CompilerThread0" daemon [_thread_in_native, id=3300, stack(0x0000000056560000,0x0000000056660000)]
  0x0000000054f84000 JavaThread "Attach Listener" daemon [_thread_blocked, id=3524, stack(0x0000000056690000,0x0000000056790000)]
  0x0000000054f81000 JavaThread "Signal Dispatcher" daemon [_thread_blocked, id=1816, stack(0x0000000056420000,0x0000000056520000)]
  0x0000000054f62000 JavaThread "Finalizer" daemon [_thread_blocked, id=3496, stack(0x00000000561d0000,0x00000000562d0000)]
  0x0000000054f20800 JavaThread "Reference Handler" daemon [_thread_blocked, id=2940, stack(0x0000000055eb0000,0x0000000055fb0000)]
  0x00000000002fe000 JavaThread "main" [_thread_blocked, id=3360, stack(0x00000000022a0000,0x00000000023a0000)]

Other Threads:
  0x0000000054f18800 VMThread [stack: 0x0000000055ff0000,0x00000000560f0000] [id=2804]
  0x00000000569c3000 WatcherThread [stack: 0x0000000057090000,0x0000000057190000] [id=788]

VM state:not at safepoint (normal execution)

VM Mutex/Monitor currently owned by a thread: None

Heap:
 PSYoungGen      total 152064K, used 115625K [0x00000000eab00000, 0x00000000f8580000, 0x0000000100000000)
  eden space 136704K, 78% used [0x00000000eab00000,0x00000000f13fc9c8,0x00000000f3080000)
  from space 15360K, 52% used [0x00000000f3080000,0x00000000f386dd88,0x00000000f3f80000)
  to   space 14848K, 0% used [0x00000000f7700000,0x00000000f7700000,0x00000000f8580000)
 ParOldGen       total 85504K, used 18620K [0x00000000c0000000, 0x00000000c5380000, 0x00000000eab00000)
  object space 85504K, 21% used [0x00000000c0000000,0x00000000c122f080,0x00000000c5380000)
 Metaspace       used 41630K, capacity 42717K, committed 42968K, reserved 1087488K
  class space    used 5399K, capacity 5773K, committed 5888K, reserved 1048576K

Card table byte_map: [0x0000000011a30000,0x0000000011c40000] byte_map_base: 0x0000000011430000

Marking Bits: (ParMarkBitMap*) 0x0000000064da3950
 Begin Bits: [0x0000000012390000, 0x0000000013390000)
 End Bits:   [0x0000000013390000, 0x0000000014390000)

Polling page: 0x0000000000350000

CodeCache: size=245760Kb used=20735Kb max_used=20791Kb free=225024Kb
 bounds [0x0000000002670000, 0x0000000003ae0000, 0x0000000011670000]
 total_blobs=6467 nmethods=5742 adapters=638
 compilation: enabled

Compilation events (10 events):
Event: 242.332 Thread 0x0000000054f8c000 nmethod 6394 0x00000000029ab690 code [0x00000000029ab7e0, 0x00000000029ab950]
Event: 242.333 Thread 0x0000000054f8c000 6395       3       org.gradle.internal.operations.notify.BuildOperationNotificationBridge$Started::<init> (11 bytes)
Event: 242.334 Thread 0x0000000054f8c000 nmethod 6395 0x0000000002a0d550 code [0x0000000002a0d6c0, 0x0000000002a0d910]
Event: 242.334 Thread 0x0000000054f8c000 6396       3       org.gradle.internal.operations.notify.BuildOperationNotificationBridge$Started::<init> (27 bytes)
Event: 242.334 Thread 0x0000000054f8c000 nmethod 6396 0x0000000002be8ad0 code [0x0000000002be8c20, 0x0000000002be8e10]
Event: 242.691 Thread 0x0000000054f8b000 6397       4       java.lang.StringBuilder::append (6 bytes)
Event: 242.692 Thread 0x0000000054f8b000 nmethod 6397 0x000000000373c6d0 code [0x000000000373c820, 0x000000000373c888]
Event: 242.695 Thread 0x0000000054f86800 6398       4       com.sun.crypto.provider.GaloisCounterMode::decryptFinal (279 bytes)
Event: 242.709 Thread 0x0000000054f8c000 6399       3       org.gradle.internal.logging.sink.ProgressLogEventGenerator$Operation::doOutput (66 bytes)
Event: 242.710 Thread 0x0000000054f8c000 nmethod 6399 0x0000000003ad2410 code [0x0000000003ad2600, 0x0000000003ad2d58]

GC Heap History (10 events):
Event: 4.307 GC heap before
{Heap before GC invocations=5 (full 1):
 PSYoungGen      total 102400K, used 4080K [0x00000000eab00000, 0x00000000f1300000, 0x0000000100000000)
  eden space 98304K, 0% used [0x00000000eab00000,0x00000000eab00000,0x00000000f0b00000)
  from space 4096K, 99% used [0x00000000f0f00000,0x00000000f12fc040,0x00000000f1300000)
  to   space 4096K, 0% used [0x00000000f0b00000,0x00000000f0b00000,0x00000000f0f00000)
 ParOldGen       total 65536K, used 10752K [0x00000000c0000000, 0x00000000c4000000, 0x00000000eab00000)
  object space 65536K, 16% used [0x00000000c0000000,0x00000000c0a802c8,0x00000000c4000000)
 Metaspace       used 20834K, capacity 21220K, committed 21248K, reserved 1067008K
  class space    used 2928K, capacity 3069K, committed 3072K, reserved 1048576K
Event: 4.455 GC heap after
Heap after GC invocations=5 (full 1):
 PSYoungGen      total 102400K, used 0K [0x00000000eab00000, 0x00000000f1300000, 0x0000000100000000)
  eden space 98304K, 0% used [0x00000000eab00000,0x00000000eab00000,0x00000000f0b00000)
  from space 4096K, 0% used [0x00000000f0f00000,0x00000000f0f00000,0x00000000f1300000)
  to   space 4096K, 0% used [0x00000000f0b00000,0x00000000f0b00000,0x00000000f0f00000)
 ParOldGen       total 56320K, used 10412K [0x00000000c0000000, 0x00000000c3700000, 0x00000000eab00000)
  object space 56320K, 18% used [0x00000000c0000000,0x00000000c0a2b128,0x00000000c3700000)
 Metaspace       used 20834K, capacity 21220K, committed 21248K, reserved 1067008K
  class space    used 2928K, capacity 3069K, committed 3072K, reserved 1048576K
}
Event: 13.845 GC heap before
{Heap before GC invocations=6 (full 1):
 PSYoungGen      total 102400K, used 98304K [0x00000000eab00000, 0x00000000f1300000, 0x0000000100000000)
  eden space 98304K, 100% used [0x00000000eab00000,0x00000000f0b00000,0x00000000f0b00000)
  from space 4096K, 0% used [0x00000000f0f00000,0x00000000f0f00000,0x00000000f1300000)
  to   space 4096K, 0% used [0x00000000f0b00000,0x00000000f0b00000,0x00000000f0f00000)
 ParOldGen       total 56320K, used 10412K [0x00000000c0000000, 0x00000000c3700000, 0x00000000eab00000)
  object space 56320K, 18% used [0x00000000c0000000,0x00000000c0a2b128,0x00000000c3700000)
 Metaspace       used 29537K, capacity 30082K, committed 30464K, reserved 1075200K
  class space    used 4017K, capacity 4240K, committed 4352K, reserved 1048576K
Event: 13.865 GC heap after
Heap after GC invocations=6 (full 1):
 PSYoungGen      total 102400K, used 4095K [0x00000000eab00000, 0x00000000f4e80000, 0x0000000100000000)
  eden space 98304K, 0% used [0x00000000eab00000,0x00000000eab00000,0x00000000f0b00000)
  from space 4096K, 99% used [0x00000000f0b00000,0x00000000f0effc30,0x00000000f0f00000)
  to   space 14336K, 0% used [0x00000000f4080000,0x00000000f4080000,0x00000000f4e80000)
 ParOldGen       total 56320K, used 17438K [0x00000000c0000000, 0x00000000c3700000, 0x00000000eab00000)
  object space 56320K, 30% used [0x00000000c0000000,0x00000000c1107a40,0x00000000c3700000)
 Metaspace       used 29537K, capacity 30082K, committed 30464K, reserved 1075200K
  class space    used 4017K, capacity 4240K, committed 4352K, reserved 1048576K
}
Event: 16.084 GC heap before
{Heap before GC invocations=7 (full 1):
 PSYoungGen      total 102400K, used 73080K [0x00000000eab00000, 0x00000000f4e80000, 0x0000000100000000)
  eden space 98304K, 70% used [0x00000000eab00000,0x00000000eee5e6d0,0x00000000f0b00000)
  from space 4096K, 99% used [0x00000000f0b00000,0x00000000f0effc30,0x00000000f0f00000)
  to   space 14336K, 0% used [0x00000000f4080000,0x00000000f4080000,0x00000000f4e80000)
 ParOldGen       total 56320K, used 17438K [0x00000000c0000000, 0x00000000c3700000, 0x00000000eab00000)
  object space 56320K, 30% used [0x00000000c0000000,0x00000000c1107a40,0x00000000c3700000)
 Metaspace       used 34485K, capacity 35233K, committed 35416K, reserved 1079296K
  class space    used 4722K, capacity 4992K, committed 4992K, reserved 1048576K
Event: 16.120 GC heap after
Heap after GC invocations=7 (full 1):
 PSYoungGen      total 151040K, used 11382K [0x00000000eab00000, 0x00000000f4e80000, 0x0000000100000000)
  eden space 136704K, 0% used [0x00000000eab00000,0x00000000eab00000,0x00000000f3080000)
  from space 14336K, 79% used [0x00000000f4080000,0x00000000f4b9d9f8,0x00000000f4e80000)
  to   space 15360K, 0% used [0x00000000f3080000,0x00000000f3080000,0x00000000f3f80000)
 ParOldGen       total 56320K, used 17446K [0x00000000c0000000, 0x00000000c3700000, 0x00000000eab00000)
  object space 56320K, 30% used [0x00000000c0000000,0x00000000c1109a40,0x00000000c3700000)
 Metaspace       used 34485K, capacity 35233K, committed 35416K, reserved 1079296K
  class space    used 4722K, capacity 4992K, committed 4992K, reserved 1048576K
}
Event: 16.120 GC heap before
{Heap before GC invocations=8 (full 2):
 PSYoungGen      total 151040K, used 11382K [0x00000000eab00000, 0x00000000f4e80000, 0x0000000100000000)
  eden space 136704K, 0% used [0x00000000eab00000,0x00000000eab00000,0x00000000f3080000)
  from space 14336K, 79% used [0x00000000f4080000,0x00000000f4b9d9f8,0x00000000f4e80000)
  to   space 15360K, 0% used [0x00000000f3080000,0x00000000f3080000,0x00000000f3f80000)
 ParOldGen       total 56320K, used 17446K [0x00000000c0000000, 0x00000000c3700000, 0x00000000eab00000)
  object space 56320K, 30% used [0x00000000c0000000,0x00000000c1109a40,0x00000000c3700000)
 Metaspace       used 34485K, capacity 35233K, committed 35416K, reserved 1079296K
  class space    used 4722K, capacity 4992K, committed 4992K, reserved 1048576K
Event: 16.258 GC heap after
Heap after GC invocations=8 (full 2):
 PSYoungGen      total 151040K, used 0K [0x00000000eab00000, 0x00000000f4e80000, 0x0000000100000000)
  eden space 136704K, 0% used [0x00000000eab00000,0x00000000eab00000,0x00000000f3080000)
  from space 14336K, 0% used [0x00000000f4080000,0x00000000f4080000,0x00000000f4e80000)
  to   space 15360K, 0% used [0x00000000f3080000,0x00000000f3080000,0x00000000f3f80000)
 ParOldGen       total 85504K, used 18540K [0x00000000c0000000, 0x00000000c5380000, 0x00000000eab00000)
  object space 85504K, 21% used [0x00000000c0000000,0x00000000c121b070,0x00000000c5380000)
 Metaspace       used 34434K, capacity 35101K, committed 35416K, reserved 1079296K
  class space    used 4709K, capacity 4948K, committed 4992K, reserved 1048576K
}
Event: 225.843 GC heap before
{Heap before GC invocations=9 (full 2):
 PSYoungGen      total 151040K, used 136704K [0x00000000eab00000, 0x00000000f4e80000, 0x0000000100000000)
  eden space 136704K, 100% used [0x00000000eab00000,0x00000000f3080000,0x00000000f3080000)
  from space 14336K, 0% used [0x00000000f4080000,0x00000000f4080000,0x00000000f4e80000)
  to   space 15360K, 0% used [0x00000000f3080000,0x00000000f3080000,0x00000000f3f80000)
 ParOldGen       total 85504K, used 18540K [0x00000000c0000000, 0x00000000c5380000, 0x00000000eab00000)
  object space 85504K, 21% used [0x00000000c0000000,0x00000000c121b070,0x00000000c5380000)
 Metaspace       used 40886K, capacity 42013K, committed 42200K, reserved 1085440K
  class space    used 5379K, capacity 5773K, committed 5888K, reserved 1048576K
Event: 225.862 GC heap after
Heap after GC invocations=9 (full 2):
 PSYoungGen      total 152064K, used 8119K [0x00000000eab00000, 0x00000000f8580000, 0x0000000100000000)
  eden space 136704K, 0% used [0x00000000eab00000,0x00000000eab00000,0x00000000f3080000)
  from space 15360K, 52% used [0x00000000f3080000,0x00000000f386dd88,0x00000000f3f80000)
  to   space 14848K, 0% used [0x00000000f7700000,0x00000000f7700000,0x00000000f8580000)
 ParOldGen       total 85504K, used 18620K [0x00000000c0000000, 0x00000000c5380000, 0x00000000eab00000)
  object space 85504K, 21% used [0x00000000c0000000,0x00000000c122f080,0x00000000c5380000)
 Metaspace       used 40886K, capacity 42013K, committed 42200K, reserved 1085440K
  class space    used 5379K, capacity 5773K, committed 5888K, reserved 1048576K
}

Deoptimization events (10 events):
Event: 228.700 Thread 0x000000005b1bf000 Uncommon trap: reason=unstable_if action=reinterpret pc=0x0000000003379994 method=com.sun.org.apache.xerces.internal.impl.XMLEntityScanner.peekChar()I @ 45
Event: 228.700 Thread 0x000000005b1bf000 Uncommon trap: reason=unstable_if action=reinterpret pc=0x00000000036a0d38 method=com.sun.org.apache.xerces.internal.impl.XMLEntityScanner.checkEntityLimit(Lcom/sun/org/apache/xerces/internal/impl/XMLScanner$NameType;Lcom/sun/xml/internal/stream/Entity$Sc
Event: 228.716 Thread 0x000000005b1bf000 Uncommon trap: reason=unstable_if action=reinterpret pc=0x00000000027d2cd8 method=com.sun.org.apache.xerces.internal.impl.XMLEntityScanner.checkEntityLimit(Lcom/sun/org/apache/xerces/internal/impl/XMLScanner$NameType;Lcom/sun/xml/internal/stream/Entity$Sc
Event: 233.509 Thread 0x0000000058e75800 Uncommon trap: reason=unstable_if action=reinterpret pc=0x0000000003858fe4 method=java.util.concurrent.ConcurrentHashMap.addCount(JI)V @ 97
Event: 233.875 Thread 0x0000000058e75800 Uncommon trap: reason=unstable_if action=reinterpret pc=0x00000000033f73c8 method=com.sun.org.apache.xerces.internal.impl.XMLEntityScanner.scanLiteral(ILcom/sun/org/apache/xerces/internal/xni/XMLString;Z)I @ 587
Event: 240.829 Thread 0x0000000058e75800 Uncommon trap: reason=unstable_if action=reinterpret pc=0x00000000038293d8 method=com.esotericsoftware.kryo.io.Output.writeString(Ljava/lang/CharSequence;)V @ 50
Event: 240.833 Thread 0x0000000058e75800 Uncommon trap: reason=unstable_if action=reinterpret pc=0x00000000032ac8ac method=com.esotericsoftware.kryo.io.Output.writeString(Ljava/lang/CharSequence;)V @ 50
Event: 241.604 Thread 0x000000005b1c1800 Uncommon trap: reason=unstable_if action=reinterpret pc=0x00000000033862b4 method=com.sun.crypto.provider.GaloisCounterMode.increment32([B)V @ 39
Event: 241.604 Thread 0x000000005b1c1800 Uncommon trap: reason=unstable_if action=reinterpret pc=0x000000000333d220 method=com.sun.crypto.provider.GaloisCounterMode.increment32([B)V @ 39
Event: 241.604 Thread 0x000000005b1c1800 Uncommon trap: reason=unstable_if action=reinterpret pc=0x0000000003abcc8c method=com.sun.crypto.provider.GaloisCounterMode.increment32([B)V @ 39

Classes redefined (0 events):
No events

Internal exceptions (10 events):
Event: 230.917 Thread 0x000000005b1c0000 Exception <a 'java/net/SocketTimeoutException': Read timed out> (0x00000000ed832160) thrown at [D:\src\AOSP-openjdk-cygwin\jdk8u\hotspot\src\share\vm\prims\jni.cpp, line 735]
Event: 231.491 Thread 0x000000005b1c0000 Exception <a 'java/net/SocketTimeoutException': Read timed out> (0x00000000ed8f0240) thrown at [D:\src\AOSP-openjdk-cygwin\jdk8u\hotspot\src\share\vm\prims\jni.cpp, line 735]
Event: 236.062 Thread 0x000000005b1c0000 Exception <a 'java/net/SocketTimeoutException': Read timed out> (0x00000000ef546ee0) thrown at [D:\src\AOSP-openjdk-cygwin\jdk8u\hotspot\src\share\vm\prims\jni.cpp, line 735]
Event: 240.865 Thread 0x000000005b1c0800 Exception <a 'java/net/SocketTimeoutException': Read timed out> (0x00000000f01f16d0) thrown at [D:\src\AOSP-openjdk-cygwin\jdk8u\hotspot\src\share\vm\prims\jni.cpp, line 735]
Event: 240.866 Thread 0x0000000058e75800 Exception <a 'java/net/SocketTimeoutException': Read timed out> (0x00000000f0d7e390) thrown at [D:\src\AOSP-openjdk-cygwin\jdk8u\hotspot\src\share\vm\prims\jni.cpp, line 735]
Event: 240.872 Thread 0x000000005b1bf000 Exception <a 'java/net/SocketTimeoutException': Read timed out> (0x00000000efa32890) thrown at [D:\src\AOSP-openjdk-cygwin\jdk8u\hotspot\src\share\vm\prims\jni.cpp, line 735]
Event: 241.043 Thread 0x000000005b1c1800 Exception <a 'java/net/SocketTimeoutException': Read timed out> (0x00000000f03149d0) thrown at [D:\src\AOSP-openjdk-cygwin\jdk8u\hotspot\src\share\vm\prims\jni.cpp, line 735]
Event: 241.636 Thread 0x000000005b1c1800 Exception <a 'java/net/SocketTimeoutException': Read timed out> (0x00000000f0fdd938) thrown at [D:\src\AOSP-openjdk-cygwin\jdk8u\hotspot\src\share\vm\prims\jni.cpp, line 735]
Event: 241.670 Thread 0x0000000058e75800 Exception <a 'java/net/SocketTimeoutException': Read timed out> (0x00000000f0ef0700) thrown at [D:\src\AOSP-openjdk-cygwin\jdk8u\hotspot\src\share\vm\prims\jni.cpp, line 735]
Event: 242.219 Thread 0x000000005b1bf000 Exception <a 'java/net/SocketTimeoutException': Read timed out> (0x00000000f11d1570) thrown at [D:\src\AOSP-openjdk-cygwin\jdk8u\hotspot\src\share\vm\prims\jni.cpp, line 735]

Events (10 events):
Event: 242.335 Thread 0x0000000054f8c000 flushing nmethod 0x0000000002d94350
Event: 242.335 Thread 0x0000000054f8c000 flushing nmethod 0x0000000002db79d0
Event: 242.335 Thread 0x0000000054f8c000 flushing nmethod 0x0000000002db8310
Event: 242.335 Thread 0x0000000054f8c000 flushing nmethod 0x0000000002dbad50
Event: 242.335 Thread 0x0000000054f8c000 flushing nmethod 0x0000000002dbb810
Event: 242.335 Thread 0x0000000054f8c000 flushing nmethod 0x0000000002dbda90
Event: 242.692 Thread 0x0000000054f8b000 flushing nmethod 0x0000000002e0abd0
Event: 242.692 Thread 0x0000000054f8b000 flushing nmethod 0x0000000002e61ed0
Event: 242.692 Thread 0x0000000054f8b000 flushing nmethod 0x0000000002e62290
Event: 242.710 Thread 0x0000000054f8c000 flushing nmethod 0x0000000002f1fad0


Dynamic libraries:
0x000000013ffe0000 - 0x0000000140011000 	D:\Android\Android Studio\jre\bin\java.exe
0x0000000077440000 - 0x00000000775e9000 	C:\Windows\SYSTEM32\ntdll.dll
0x0000000077320000 - 0x000000007743f000 	C:\Windows\system32\kernel32.dll
0x000007fefd300000 - 0x000007fefd36b000 	C:\Windows\system32\KERNELBASE.dll
0x000007feff260000 - 0x000007feff33b000 	C:\Windows\system32\ADVAPI32.dll
0x000007fefef90000 - 0x000007feff02f000 	C:\Windows\system32\msvcrt.dll
0x000007feff160000 - 0x000007feff17f000 	C:\Windows\SYSTEM32\sechost.dll
0x000007fefeac0000 - 0x000007fefebed000 	C:\Windows\system32\RPCRT4.dll
0x0000000077220000 - 0x000000007731a000 	C:\Windows\system32\USER32.dll
0x000007feff0e0000 - 0x000007feff147000 	C:\Windows\system32\GDI32.dll
0x000007feff150000 - 0x000007feff15e000 	C:\Windows\system32\LPK.dll
0x000007feff3f0000 - 0x000007feff4b9000 	C:\Windows\system32\USP10.dll
0x000007fefbc70000 - 0x000007fefbe64000 	C:\Windows\WinSxS\amd64_microsoft.windows.common-controls_6595b64144ccf1df_6.0.7601.17514_none_fa396087175ac9ac\COMCTL32.dll
0x000007feff6d0000 - 0x000007feff741000 	C:\Windows\system32\SHLWAPI.dll
0x000007feff3c0000 - 0x000007feff3ee000 	C:\Windows\system32\IMM32.DLL
0x000007fefd650000 - 0x000007fefd759000 	C:\Windows\system32\MSCTF.dll
0x0000000074320000 - 0x00000000743f2000 	D:\Android\Android Studio\jre\jre\bin\msvcr100.dll
0x00000000645e0000 - 0x0000000064e1e000 	D:\Android\Android Studio\jre\jre\bin\server\jvm.dll
0x000007fefb450000 - 0x000007fefb459000 	C:\Windows\system32\WSOCK32.dll
0x000007fefea70000 - 0x000007fefeabd000 	C:\Windows\system32\WS2_32.dll
0x000007feff0d0000 - 0x000007feff0d8000 	C:\Windows\system32\NSI.dll
0x000007fefa1f0000 - 0x000007fefa22b000 	C:\Windows\system32\WINMM.dll
0x000007fefc360000 - 0x000007fefc36c000 	C:\Windows\system32\VERSION.dll
0x0000000077600000 - 0x0000000077607000 	C:\Windows\system32\PSAPI.DLL
0x000007fefb1d0000 - 0x000007fefb1df000 	D:\Android\Android Studio\jre\jre\bin\verify.dll
0x000007fef0ff0000 - 0x000007fef1019000 	D:\Android\Android Studio\jre\jre\bin\java.dll
0x000007fef1300000 - 0x000007fef1316000 	D:\Android\Android Studio\jre\jre\bin\zip.dll
0x000007fefd990000 - 0x000007fefe718000 	C:\Windows\system32\SHELL32.dll
0x000007feff4c0000 - 0x000007feff6c3000 	C:\Windows\system32\ole32.dll
0x000007fefd220000 - 0x000007fefd22f000 	C:\Windows\system32\profapi.dll
0x000007fef0fd0000 - 0x000007fef0fea000 	D:\Android\Android Studio\jre\jre\bin\net.dll
0x000007fefca30000 - 0x000007fefca85000 	C:\Windows\system32\mswsock.dll
0x000007fefca20000 - 0x000007fefca27000 	C:\Windows\System32\wship6.dll
0x000007fef0e90000 - 0x000007fef0ea1000 	D:\Android\Android Studio\jre\jre\bin\nio.dll
0x000007fef0e20000 - 0x000007fef0e3e000 	C:\Users\mohamadReza\.gradle\native\25\windows-amd64\native-platform.dll
0x000007fefb1b0000 - 0x000007fefb1bd000 	D:\Android\Android Studio\jre\jre\bin\management.dll
0x000007fefca90000 - 0x000007fefcaa7000 	C:\Windows\system32\CRYPTSP.dll
0x000007fefc790000 - 0x000007fefc7d7000 	C:\Windows\system32\rsaenh.dll
0x000007fefc570000 - 0x000007fefc58e000 	C:\Windows\system32\USERENV.dll
0x000007fefd150000 - 0x000007fefd15f000 	C:\Windows\system32\CRYPTBASE.dll
0x000007fefa970000 - 0x000007fefa997000 	C:\Windows\system32\IPHLPAPI.DLL
0x000007fefa960000 - 0x000007fefa96b000 	C:\Windows\system32\WINNSI.DLL
0x000007fefa7f0000 - 0x000007fefa808000 	C:\Windows\system32\dhcpcsvc.DLL
0x000007fefa7d0000 - 0x000007fefa7e1000 	C:\Windows\system32\dhcpcsvc6.DLL
0x000007feef4f0000 - 0x000007feef514000 	D:\Android\Android Studio\jre\jre\bin\sunec.dll
0x000007fefc430000 - 0x000007fefc437000 	C:\Windows\System32\wshtcpip.dll
0x000007fefc8b0000 - 0x000007fefc90b000 	C:\Windows\system32\DNSAPI.dll
0x000007fef9900000 - 0x000007fef9908000 	C:\Windows\system32\rasadhlp.dll
0x000007fefa820000 - 0x000007fefa873000 	C:\Windows\System32\fwpuclnt.dll
0x000007fef56a0000 - 0x000007fef56ab000 	D:\Android\Android Studio\jre\jre\bin\sunmscapi.dll
0x000007fefd4c0000 - 0x000007fefd627000 	C:\Windows\system32\CRYPT32.dll
0x000007fefd2c0000 - 0x000007fefd2cf000 	C:\Windows\system32\MSASN1.dll
0x000007feee310000 - 0x000007feee435000 	C:\Windows\system32\dbghelp.dll

VM Arguments:
jvm_args: -Xmx1024m -Dfile.encoding=windows-1252 -Duser.country=US -Duser.language=en -Duser.variant 
java_command: org.gradle.launcher.daemon.bootstrap.GradleDaemon 4.6
java_class_path (initial): D:\Android\Android Studio\gradle\gradle-4.6\lib\gradle-launcher-4.6.jar
Launcher Type: SUN_STANDARD

Environment Variables:
JAVA_HOME=C:\Program Files (x86)\Java\jdk1.8.0_161\bin
PATH=C:\ProgramData\Oracle\Java\javapath;C:\Windows\system32;C:\Windows;C:\Windows\System32\Wbem;C:\Windows\System32\WindowsPowerShell\v1.0\
USERNAME=mohamadReza
OS=Windows_NT
PROCESSOR_IDENTIFIER=Intel64 Family 6 Model 23 Stepping 10, GenuineIntel



---------------  S Y S T E M  ---------------

OS: Windows 7 , 64 bit Build 7601 (6.1.7601.18015)

CPU:total 4 (initial active 4) (4 cores per cpu, 1 threads per core) family 6 model 23 stepping 10, cmov, cx8, fxsr, mmx, sse, sse2, sse3, ssse3, sse4.1, tsc

Memory: 4k page, physical 6290552k(2555584k free), swap 12579260k(8505320k free)

vm_info: OpenJDK 64-Bit Server VM (25.152-b01) for windows-amd64 JRE (1.8.0_152-release-915-b01), built by "builder" with MS VC++ 10.0 (VS2010)

time: Sat Dec 15 01:20:19 2018
elapsed time: 243 seconds (0d 0h 4m 3s)

