#
# A fatal error has been detected by the Java Runtime Environment:
#
#  EXCEPTION_ACCESS_VIOLATION (0xc0000005) at pc=0x6465223c, pid=4340, tid=0x0000111c
#
# JRE version: Java(TM) SE Runtime Environment (8.0_161-b12) (build 1.8.0_161-b12)
# Java VM: Java HotSpot(TM) Client VM (25.161-b12 mixed mode windows-x86 )
# Problematic frame:
# V  [jvm.dll+0xd223c]
#
# Failed to write core dump. Minidumps are not enabled by default on client versions of Windows
#
# If you would like to submit a bug report, please visit:
#   http://bugreport.java.com/bugreport/crash.jsp
#

---------------  T H R E A D  ---------------

Current thread (0x44e8c400):  VMThread [stack: 0x047a0000,0x047f0000] [id=4380]

siginfo: ExceptionCode=0xc0000005, reading address 0x02049ed0

Registers:
EAX=0x02049ed0, EBX=0x00000804, ECX=0x00000000, EDX=0x0fc4e7a4
ESP=0x047ef488, EBP=0x047ef494, ESI=0x0fc4e280, EDI=0x047ef620
EIP=0x6465223c, EFLAGS=0x00010283

Top of Stack: (sp=0x047ef488)
0x047ef488:   0fc72058 0fc4c798 047ef620 047ef4b4
0x047ef498:   64625f4f 0fc4e7a4 047ef620 00d3f5e8
0x047ef4a8:   047ef620 00d3f468 00d40058 047ef4c8
0x047ef4b8:   64614acd 047ef620 00d3f468 00000000
0x047ef4c8:   047ef4dc 64618f2c 047ef620 047ef5d4
0x047ef4d8:   00000000 047ef6f8 64614ef7 00000000
0x047ef4e8:   047ef620 047ef594 00d3f5e8 64615f04
0x047ef4f8:   00e1f020 00d3f468 00d3f4b8 6485cfac 

Instructions: (pc=0x6465223c)
0x6465221c:   14 be 89 55 08 8d 5c 01 02 49 f7 d1 23 d9 3b f2
0x6465222c:   73 75 8b 7d 0c 8b 06 85 c0 74 65 3b 47 24 73 60
0x6465223c:   8b 08 83 e1 03 80 f9 03 75 1e 8b 00 80 3d b4 c4
0x6465224c:   8d 64 00 74 0e 8b c8 83 e1 07 80 f9 05 75 04 33 


Register to memory mapping:

EAX=0x02049ed0 is an unknown value
EBX=0x00000804 is an unknown value
ECX=0x00000000 is an unknown value
EDX=0x0fc4e7a4 is pointing into object: 0x0fc4c798
[Lcom.sun.tools.javac.code.Scope$Entry; 
 - klass: 'com/sun/tools/javac/code/Scope$Entry'[]
 - length: 2048
ESP=0x047ef488 is an unknown value
EBP=0x047ef494 is an unknown value
ESI=0x0fc4e280 is pointing into object: 0x0fc4c798
[Lcom.sun.tools.javac.code.Scope$Entry; 
 - klass: 'com/sun/tools/javac/code/Scope$Entry'[]
 - length: 2048
EDI=0x047ef620 is an unknown value


Stack: [0x047a0000,0x047f0000],  sp=0x047ef488,  free space=317k
Native frames: (J=compiled Java code, j=interpreted, Vv=VM code, C=native code)
V  [jvm.dll+0xd223c]
V  [jvm.dll+0xa5f4f]
V  [jvm.dll+0x94acd]
V  [jvm.dll+0x98f2c]
V  [jvm.dll+0x94ef7]
V  [jvm.dll+0x99bb3]
V  [jvm.dll+0x93b25]
V  [jvm.dll+0x1b9ef6]
V  [jvm.dll+0x18411b]
V  [jvm.dll+0x183521]
V  [jvm.dll+0x183937]
V  [jvm.dll+0x183b32]
V  [jvm.dll+0x1c3be6]
C  [msvcr100.dll+0x10fac]
C  [msvcr100.dll+0x110b1]
C  [kernel32.dll+0x133aa]
C  [ntdll.dll+0x39ed2]
C  [ntdll.dll+0x39ea5]

VM_Operation (0x4dffd620): GenCollectForAllocation, mode: safepoint, requested by thread 0x465ca800


---------------  P R O C E S S  ---------------

Java Threads: ( => current thread )
  0x465cbc00 JavaThread "stdout" [_thread_in_native, id=3760, stack(0x4e880000,0x4e8d0000)]
  0x465cc800 JavaThread "stderr" [_thread_in_native, id=3260, stack(0x4e6f0000,0x4e740000)]
  0x465cb400 JavaThread "pool-24-thread-1" [_thread_blocked, id=3764, stack(0x4e660000,0x4e6b0000)]
  0x465ca800 JavaThread "Task worker for ':' Thread 3" [_thread_blocked, id=3968, stack(0x4dfb0000,0x4e000000)]
  0x4eb38000 JavaThread "Task worker for ':' Thread 2" [_thread_blocked, id=3220, stack(0x4bc30000,0x4bc80000)]
  0x4eb37000 JavaThread "Task worker for ':'" [_thread_blocked, id=4832, stack(0x4c9d0000,0x4ca20000)]
  0x4eb36800 JavaThread "Cache worker for Build Output Cleanup Cache (D:\Android\MyWorks\AndroidCoreTemplate\.gradle\buildOutputCleanup)" [_thread_blocked, id=1808, stack(0x4c0b0000,0x4c100000)]
  0x4eb37c00 JavaThread "Cache worker for task history cache (D:\Android\MyWorks\AndroidCoreTemplate\.gradle\4.6\taskHistory)" [_thread_blocked, id=4324, stack(0x4c000000,0x4c050000)]
  0x4eb35c00 JavaThread "Cache worker for file content cache (D:\Android\MyWorks\AndroidCoreTemplate\.gradle\4.6\fileContent)" [_thread_blocked, id=4800, stack(0x4b210000,0x4b260000)]
  0x4eb38c00 JavaThread "Build operations Thread 4" [_thread_blocked, id=4824, stack(0x4b890000,0x4b8e0000)]
  0x4eb36000 JavaThread "Build operations Thread 3" [_thread_blocked, id=1164, stack(0x48130000,0x48180000)]
  0x4eb37400 JavaThread "Build operations Thread 2" [_thread_blocked, id=4152, stack(0x48f20000,0x48f70000)]
  0x499ab400 JavaThread "Build operations" [_thread_blocked, id=4644, stack(0x4b2b0000,0x4b300000)]
  0x499ab800 JavaThread "Cache worker for Artifact transforms cache (C:\Users\mohamadReza\.gradle\caches\transforms-1)" [_thread_blocked, id=4540, stack(0x4b260000,0x4b2b0000)]
  0x499a9800 JavaThread "Cache worker for file hash cache (D:\Android\MyWorks\AndroidCoreTemplate\.gradle\4.6\fileHashes)" [_thread_blocked, id=4408, stack(0x4b0f0000,0x4b140000)]
  0x499aa400 JavaThread "Stdin handler" [_thread_blocked, id=1204, stack(0x47ad0000,0x47b20000)]
  0x499aa000 JavaThread "Asynchronous log dispatcher for DefaultDaemonConnection: socket connection from /127.0.0.1:49542 to /127.0.0.1:49893" [_thread_blocked, id=4988, stack(0x48d00000,0x48d50000)]
  0x499ac000 JavaThread "Daemon worker Thread 11" [_thread_blocked, id=3516, stack(0x48180000,0x481d0000)]
  0x499ac400 JavaThread "Cancel handler" [_thread_blocked, id=4444, stack(0x47b20000,0x47b70000)]
  0x499a8c00 JavaThread "Handler for socket connection from /127.0.0.1:49542 to /127.0.0.1:49893" [_thread_in_native, id=5064, stack(0x47e00000,0x47e50000)]
  0x499aac00 JavaThread "Daemon Thread 11" [_thread_blocked, id=2328, stack(0x476b0000,0x47700000)]
  0x499a9400 JavaThread "pool-1-thread-1" [_thread_blocked, id=3668, stack(0x4b170000,0x4b1c0000)]
  0x465cc000 JavaThread "Memory manager" [_thread_blocked, id=3720, stack(0x48df0000,0x48e40000)]
  0x465c9000 JavaThread "File lock request listener" [_thread_in_native, id=552, stack(0x48000000,0x48050000)]
  0x4658e000 JavaThread "Cache worker for file hash cache (C:\Users\mohamadReza\.gradle\caches\4.6\fileHashes)" [_thread_blocked, id=5004, stack(0x48200000,0x48250000)]
  0x463a2c00 JavaThread "Daemon periodic checks" [_thread_blocked, id=4320, stack(0x47a30000,0x47a80000)]
  0x4641c000 JavaThread "Incoming local TCP Connector on port 49542" [_thread_in_native, id=4176, stack(0x477c0000,0x47810000)]
  0x4613e400 JavaThread "Daemon health stats" [_thread_blocked, id=4464, stack(0x458e0000,0x45930000)]
  0x44ecf800 JavaThread "Service Thread" daemon [_thread_blocked, id=4484, stack(0x450e0000,0x45130000)]
  0x44edb400 JavaThread "C1 CompilerThread0" daemon [_thread_blocked, id=4448, stack(0x453c0000,0x45410000)]
  0x44eda400 JavaThread "Attach Listener" daemon [_thread_blocked, id=3936, stack(0x00320000,0x00370000)]
  0x44ed7400 JavaThread "Signal Dispatcher" daemon [_thread_blocked, id=4896, stack(0x003b0000,0x00400000)]
  0x44eb8c00 JavaThread "Finalizer" daemon [_thread_blocked, id=4564, stack(0x45090000,0x450e0000)]
  0x44e92000 JavaThread "Reference Handler" daemon [_thread_blocked, id=2816, stack(0x00c60000,0x00cb0000)]
  0x0016c800 JavaThread "main" [_thread_blocked, id=1036, stack(0x00eb0000,0x00f00000)]

Other Threads:
=>0x44e8c400 VMThread [stack: 0x047a0000,0x047f0000] [id=4380]
  0x44ed0800 WatcherThread [stack: 0x45450000,0x454a0000] [id=2624]

VM state:at safepoint (normal execution)

VM Mutex/Monitor currently owned by a thread:  ([mutex/lock_event])
[0x0016ad50] Threads_lock - owner thread: 0x44e8c400
[0x0016b160] Heap_lock - owner thread: 0x465ca800

Heap:
 def new generation   total 183040K, used 183040K [0x04800000, 0x10e90000, 0x19d50000)
  eden space 162752K, 100% used [0x04800000, 0x0e6f0000, 0x0e6f0000)
  from space 20288K, 100% used [0x0e6f0000, 0x0fac0000, 0x0fac0000)
  to   space 20288K,  10% used [0x0fac0000, 0x0fce3060, 0x10e90000)
 tenured generation   total 406436K, used 301176K [0x19d50000, 0x32a39000, 0x44800000)
   the space 406436K,  74% used [0x19d50000, 0x2c36e190, 0x2c36e200, 0x32a39000)
 Metaspace       used 74481K, capacity 76728K, committed 76800K, reserved 77184K

Card table byte_map: [0x44800000,0x44a10000] byte_map_base: 0x447dc000

Polling page: 0x001b0000

CodeCache: size=32768Kb used=16426Kb max_used=18498Kb free=16341Kb
 bounds [0x02610000, 0x03858000, 0x04610000]
 total_blobs=9041 nmethods=8562 adapters=407
 compilation: enabled

Compilation events (10 events):
Event: 1836.049 Thread 0x44edb400 42147             sun.nio.cs.UTF_8$Encoder::encode (359 bytes)
Event: 1836.050 Thread 0x44edb400 nmethod 42147 0x033eeac8 code [0x033eec00, 0x033ef06c]
Event: 1836.178 Thread 0x44edb400 42148             android.databinding.tool.reflection.SdkUtil$ApiChecker::buildFullLookup (252 bytes)
Event: 1836.180 Thread 0x44edb400 nmethod 42148 0x033ed748 code [0x033eda00, 0x033ee07c]
Event: 1836.180 Thread 0x44edb400 42149             java.util.ArrayList::size (5 bytes)
Event: 1836.181 Thread 0x44edb400 nmethod 42149 0x02ae4c88 code [0x02ae4d80, 0x02ae4e00]
Event: 1836.273 Thread 0x44edb400 42150             com.sun.tools.javac.util.Context::uncheckedCast (2 bytes)
Event: 1836.273 Thread 0x44edb400 nmethod 42150 0x02b4ee08 code [0x02b4ef00, 0x02b4ef70]
Event: 1836.273 Thread 0x44edb400 42151             com.sun.tools.javac.util.Context::get (82 bytes)
Event: 1836.274 Thread 0x44edb400 nmethod 42151 0x033ecf48 code [0x033ed0b0, 0x033ed418]

GC Heap History (10 events):
Event: 1825.078 GC heap after
Heap after GC invocations=321 (full 21):
 def new generation   total 183040K, used 11260K [0x04800000, 0x10e90000, 0x19d50000)
  eden space 162752K,   0% used [0x04800000, 0x04800000, 0x0e6f0000)
  from space 20288K,  55% used [0x0e6f0000, 0x0f1ef1f0, 0x0fac0000)
  to   space 20288K,   0% used [0x0fac0000, 0x0fac0000, 0x10e90000)
 tenured generation   total 406436K, used 215548K [0x19d50000, 0x32a39000, 0x44800000)
   the space 406436K,  53% used [0x19d50000, 0x26fcf038, 0x26fcf200, 0x32a39000)
 Metaspace       used 71128K, capacity 73329K, committed 73344K, reserved 74112K
}
Event: 1827.016 GC heap before
{Heap before GC invocations=321 (full 21):
 def new generation   total 183040K, used 174012K [0x04800000, 0x10e90000, 0x19d50000)
  eden space 162752K, 100% used [0x04800000, 0x0e6f0000, 0x0e6f0000)
  from space 20288K,  55% used [0x0e6f0000, 0x0f1ef1f0, 0x0fac0000)
  to   space 20288K,   0% used [0x0fac0000, 0x0fac0000, 0x10e90000)
 tenured generation   total 406436K, used 215548K [0x19d50000, 0x32a39000, 0x44800000)
   the space 406436K,  53% used [0x19d50000, 0x26fcf038, 0x26fcf200, 0x32a39000)
 Metaspace       used 71128K, capacity 73329K, committed 73344K, reserved 74112K
Event: 1827.070 GC heap after
Heap after GC invocations=322 (full 21):
 def new generation   total 183040K, used 8066K [0x04800000, 0x10e90000, 0x19d50000)
  eden space 162752K,   0% used [0x04800000, 0x04800000, 0x0e6f0000)
  from space 20288K,  39% used [0x0fac0000, 0x102a0a20, 0x10e90000)
  to   space 20288K,   0% used [0x0e6f0000, 0x0e6f0000, 0x0fac0000)
 tenured generation   total 406436K, used 218034K [0x19d50000, 0x32a39000, 0x44800000)
   the space 406436K,  53% used [0x19d50000, 0x2723cac0, 0x2723cc00, 0x32a39000)
 Metaspace       used 71128K, capacity 73329K, committed 73344K, reserved 74112K
}
Event: 1832.454 GC heap before
{Heap before GC invocations=322 (full 21):
 def new generation   total 183040K, used 170818K [0x04800000, 0x10e90000, 0x19d50000)
  eden space 162752K, 100% used [0x04800000, 0x0e6f0000, 0x0e6f0000)
  from space 20288K,  39% used [0x0fac0000, 0x102a0a20, 0x10e90000)
  to   space 20288K,   0% used [0x0e6f0000, 0x0e6f0000, 0x0fac0000)
 tenured generation   total 406436K, used 218034K [0x19d50000, 0x32a39000, 0x44800000)
   the space 406436K,  53% used [0x19d50000, 0x2723cac0, 0x2723cc00, 0x32a39000)
 Metaspace       used 71133K, capacity 73339K, committed 73344K, reserved 74112K
Event: 1832.494 GC heap after
Heap after GC invocations=323 (full 21):
 def new generation   total 183040K, used 10215K [0x04800000, 0x10e90000, 0x19d50000)
  eden space 162752K,   0% used [0x04800000, 0x04800000, 0x0e6f0000)
  from space 20288K,  50% used [0x0e6f0000, 0x0f0e9d58, 0x0fac0000)
  to   space 20288K,   0% used [0x0fac0000, 0x0fac0000, 0x10e90000)
 tenured generation   total 406436K, used 218034K [0x19d50000, 0x32a39000, 0x44800000)
   the space 406436K,  53% used [0x19d50000, 0x2723cac0, 0x2723cc00, 0x32a39000)
 Metaspace       used 71133K, capacity 73339K, committed 73344K, reserved 74112K
}
Event: 1833.654 GC heap before
{Heap before GC invocations=323 (full 21):
 def new generation   total 183040K, used 172967K [0x04800000, 0x10e90000, 0x19d50000)
  eden space 162752K, 100% used [0x04800000, 0x0e6f0000, 0x0e6f0000)
  from space 20288K,  50% used [0x0e6f0000, 0x0f0e9d58, 0x0fac0000)
  to   space 20288K,   0% used [0x0fac0000, 0x0fac0000, 0x10e90000)
 tenured generation   total 406436K, used 218034K [0x19d50000, 0x32a39000, 0x44800000)
   the space 406436K,  53% used [0x19d50000, 0x2723cac0, 0x2723cc00, 0x32a39000)
 Metaspace       used 71133K, capacity 73339K, committed 73344K, reserved 74112K
Event: 1833.837 GC heap after
Heap after GC invocations=324 (full 21):
 def new generation   total 183040K, used 20288K [0x04800000, 0x10e90000, 0x19d50000)
  eden space 162752K,   0% used [0x04800000, 0x04800000, 0x0e6f0000)
  from space 20288K, 100% used [0x0fac0000, 0x10e90000, 0x10e90000)
  to   space 20288K,   0% used [0x0e6f0000, 0x0e6f0000, 0x0fac0000)
 tenured generation   total 406436K, used 247183K [0x19d50000, 0x32a39000, 0x44800000)
   the space 406436K,  60% used [0x19d50000, 0x28eb3c90, 0x28eb3e00, 0x32a39000)
 Metaspace       used 71133K, capacity 73339K, committed 73344K, reserved 74112K
}
Event: 1835.179 GC heap before
{Heap before GC invocations=324 (full 21):
 def new generation   total 183040K, used 183040K [0x04800000, 0x10e90000, 0x19d50000)
  eden space 162752K, 100% used [0x04800000, 0x0e6f0000, 0x0e6f0000)
  from space 20288K, 100% used [0x0fac0000, 0x10e90000, 0x10e90000)
  to   space 20288K,   0% used [0x0e6f0000, 0x0e6f0000, 0x0fac0000)
 tenured generation   total 406436K, used 247183K [0x19d50000, 0x32a39000, 0x44800000)
   the space 406436K,  60% used [0x19d50000, 0x28eb3c90, 0x28eb3e00, 0x32a39000)
 Metaspace       used 74481K, capacity 76728K, committed 76800K, reserved 77184K
Event: 1835.552 GC heap after
Heap after GC invocations=325 (full 21):
 def new generation   total 183040K, used 20288K [0x04800000, 0x10e90000, 0x19d50000)
  eden space 162752K,   0% used [0x04800000, 0x04800000, 0x0e6f0000)
  from space 20288K, 100% used [0x0e6f0000, 0x0fac0000, 0x0fac0000)
  to   space 20288K,   0% used [0x0fac0000, 0x0fac0000, 0x10e90000)
 tenured generation   total 406436K, used 300768K [0x19d50000, 0x32a39000, 0x44800000)
   the space 406436K,  74% used [0x19d50000, 0x2c308140, 0x2c308200, 0x32a39000)
 Metaspace       used 74481K, capacity 76728K, committed 76800K, reserved 77184K
}
Event: 1836.451 GC heap before
{Heap before GC invocations=325 (full 21):
 def new generation   total 183040K, used 183040K [0x04800000, 0x10e90000, 0x19d50000)
  eden space 162752K, 100% used [0x04800000, 0x0e6f0000, 0x0e6f0000)
  from space 20288K, 100% used [0x0e6f0000, 0x0fac0000, 0x0fac0000)
  to   space 20288K,   0% used [0x0fac0000, 0x0fac0000, 0x10e90000)
 tenured generation   total 406436K, used 300768K [0x19d50000, 0x32a39000, 0x44800000)
   the space 406436K,  74% used [0x19d50000, 0x2c308140, 0x2c308200, 0x32a39000)
 Metaspace       used 74481K, capacity 76728K, committed 76800K, reserved 77184K

Deoptimization events (0 events):
No events

Classes redefined (0 events):
No events

Internal exceptions (10 events):
Event: 1824.078 Thread 0x499ac000 Exception <a 'sun/nio/fs/WindowsException'> (0x06109528) thrown at [C:\re\workspace\8-2-build-windows-i586-cygwin\jdk8u161\10277\hotspot\src\share\vm\prims\jni.cpp, line 709]
Event: 1834.365 Thread 0x465ca800 Exception <a 'java/lang/ArrayIndexOutOfBoundsException'> (0x09d36438) thrown at [C:\re\workspace\8-2-build-windows-i586-cygwin\jdk8u161\10277\hotspot\src\share\vm\runtime\sharedRuntime.cpp, line 605]
Event: 1834.365 Thread 0x465ca800 Exception <a 'java/lang/ArrayIndexOutOfBoundsException'> (0x09d372d0) thrown at [C:\re\workspace\8-2-build-windows-i586-cygwin\jdk8u161\10277\hotspot\src\share\vm\runtime\sharedRuntime.cpp, line 605]
Event: 1834.418 Thread 0x465ca800 Exception <a 'java/lang/ClassNotFoundException': com/sun/org/glassfish/hk2/osgiresourcelocator/ServiceLoader> (0x0a03eb70) thrown at [C:\re\workspace\8-2-build-windows-i586-cygwin\jdk8u161\10277\hotspot\src\share\vm\classfile\systemDictionary.cpp, line 21
Event: 1834.423 Thread 0x465ca800 Exception <a 'java/lang/ArrayIndexOutOfBoundsException'> (0x0a090e38) thrown at [C:\re\workspace\8-2-build-windows-i586-cygwin\jdk8u161\10277\hotspot\src\share\vm\runtime\sharedRuntime.cpp, line 605]
Event: 1834.424 Thread 0x465ca800 Exception <a 'java/lang/ArrayIndexOutOfBoundsException'> (0x0a091fc8) thrown at [C:\re\workspace\8-2-build-windows-i586-cygwin\jdk8u161\10277\hotspot\src\share\vm\runtime\sharedRuntime.cpp, line 605]
Event: 1834.424 Thread 0x465ca800 Exception <a 'java/lang/ArrayIndexOutOfBoundsException'> (0x0a093438) thrown at [C:\re\workspace\8-2-build-windows-i586-cygwin\jdk8u161\10277\hotspot\src\share\vm\runtime\sharedRuntime.cpp, line 605]
Event: 1834.428 Thread 0x465ca800 Exception <a 'java/lang/ArrayIndexOutOfBoundsException'> (0x0a0c8a08) thrown at [C:\re\workspace\8-2-build-windows-i586-cygwin\jdk8u161\10277\hotspot\src\share\vm\runtime\sharedRuntime.cpp, line 605]
Event: 1834.430 Thread 0x465ca800 Exception <a 'java/lang/ArrayIndexOutOfBoundsException'> (0x0a0da5f8) thrown at [C:\re\workspace\8-2-build-windows-i586-cygwin\jdk8u161\10277\hotspot\src\share\vm\runtime\sharedRuntime.cpp, line 605]
Event: 1834.430 Thread 0x465ca800 Exception <a 'java/lang/ArrayIndexOutOfBoundsException'> (0x0a0dba30) thrown at [C:\re\workspace\8-2-build-windows-i586-cygwin\jdk8u161\10277\hotspot\src\share\vm\runtime\sharedRuntime.cpp, line 605]

Events (10 events):
Event: 1835.063 loading class android/databinding/tool/writer/MergedBindingMapperWriter$Companion
Event: 1835.063 loading class android/databinding/tool/writer/MergedBindingMapperWriter$Companion done
Event: 1835.179 Executing VM operation: GenCollectForAllocation
Event: 1835.552 Executing VM operation: GenCollectForAllocation done
Event: 1835.866 Thread 0x44edb400 flushing nmethod 0x02ab09c8
Event: 1835.866 Thread 0x44edb400 flushing nmethod 0x02ae4c88
Event: 1835.866 Thread 0x44edb400 flushing nmethod 0x02b1da48
Event: 1835.867 Thread 0x44edb400 flushing nmethod 0x02b4ed88
Event: 1835.868 Thread 0x44edb400 flushing nmethod 0x02cc1308
Event: 1836.451 Executing VM operation: GenCollectForAllocation


Dynamic libraries:
0x00f00000 - 0x00f33000 	C:\Program Files (x86)\Java\jdk1.8.0_161\bin\java.exe
0x77c00000 - 0x77d80000 	C:\Windows\SysWOW64\ntdll.dll
0x77170000 - 0x77280000 	C:\Windows\syswow64\kernel32.dll
0x773d0000 - 0x77417000 	C:\Windows\syswow64\KERNELBASE.dll
0x764c0000 - 0x76560000 	C:\Windows\syswow64\ADVAPI32.dll
0x76c40000 - 0x76cec000 	C:\Windows\syswow64\msvcrt.dll
0x777e0000 - 0x777f9000 	C:\Windows\SysWOW64\sechost.dll
0x76e00000 - 0x76ef0000 	C:\Windows\syswow64\RPCRT4.dll
0x75660000 - 0x756c0000 	C:\Windows\syswow64\SspiCli.dll
0x75650000 - 0x7565c000 	C:\Windows\syswow64\CRYPTBASE.dll
0x772a0000 - 0x773a0000 	C:\Windows\syswow64\USER32.dll
0x76310000 - 0x763a0000 	C:\Windows\syswow64\GDI32.dll
0x76d00000 - 0x76d0a000 	C:\Windows\syswow64\LPK.dll
0x770d0000 - 0x7716d000 	C:\Windows\syswow64\USP10.dll
0x723b0000 - 0x7254e000 	C:\Windows\WinSxS\x86_microsoft.windows.common-controls_6595b64144ccf1df_6.0.7601.17514_none_41e6975e2bd6f2b2\COMCTL32.dll
0x76570000 - 0x765c7000 	C:\Windows\syswow64\SHLWAPI.dll
0x76d10000 - 0x76d70000 	C:\Windows\system32\IMM32.DLL
0x763d0000 - 0x7649c000 	C:\Windows\syswow64\MSCTF.dll
0x6d6c0000 - 0x6d77d000 	C:\Program Files (x86)\Java\jdk1.8.0_161\jre\bin\msvcr100.dll
0x64580000 - 0x64950000 	C:\Program Files (x86)\Java\jdk1.8.0_161\jre\bin\client\jvm.dll
0x73d90000 - 0x73d97000 	C:\Windows\system32\WSOCK32.dll
0x76ef0000 - 0x76f25000 	C:\Windows\syswow64\WS2_32.dll
0x764b0000 - 0x764b6000 	C:\Windows\syswow64\NSI.dll
0x73120000 - 0x73152000 	C:\Windows\system32\WINMM.dll
0x72fe0000 - 0x72fe9000 	C:\Windows\system32\VERSION.dll
0x77280000 - 0x77285000 	C:\Windows\syswow64\PSAPI.DLL
0x74b30000 - 0x74b3c000 	C:\Program Files (x86)\Java\jdk1.8.0_161\jre\bin\verify.dll
0x73d60000 - 0x73d82000 	C:\Program Files (x86)\Java\jdk1.8.0_161\jre\bin\java.dll
0x73d40000 - 0x73d54000 	C:\Program Files (x86)\Java\jdk1.8.0_161\jre\bin\zip.dll
0x756c0000 - 0x7630a000 	C:\Windows\syswow64\SHELL32.dll
0x76620000 - 0x7677c000 	C:\Windows\syswow64\ole32.dll
0x72ff0000 - 0x72ffb000 	C:\Windows\system32\profapi.dll
0x73d20000 - 0x73d35000 	C:\Program Files (x86)\Java\jdk1.8.0_161\jre\bin\net.dll
0x73090000 - 0x730cc000 	C:\Windows\system32\mswsock.dll
0x74a80000 - 0x74a86000 	C:\Windows\System32\wship6.dll
0x73d10000 - 0x73d1f000 	C:\Program Files (x86)\Java\jdk1.8.0_161\jre\bin\nio.dll
0x73cf0000 - 0x73d09000 	C:\Users\mohamadReza\.gradle\native\25\windows-i386\native-platform.dll
0x73ce0000 - 0x73cea000 	C:\Program Files (x86)\Java\jdk1.8.0_161\jre\bin\management.dll
0x73000000 - 0x73016000 	C:\Windows\system32\CRYPTSP.dll
0x72d60000 - 0x72d9b000 	C:\Windows\system32\rsaenh.dll
0x6dbd0000 - 0x6dbe7000 	C:\Windows\system32\USERENV.dll
0x73200000 - 0x7321c000 	C:\Windows\system32\IPHLPAPI.DLL
0x731f0000 - 0x731f7000 	C:\Windows\system32\WINNSI.DLL
0x730d0000 - 0x730e2000 	C:\Windows\system32\dhcpcsvc.DLL
0x74a90000 - 0x74a9d000 	C:\Windows\system32\dhcpcsvc6.DLL
0x73b90000 - 0x73bdc000 	C:\Windows\system32\apphelp.dll
0x73bf0000 - 0x73cdb000 	C:\Windows\system32\dbghelp.dll

VM Arguments:
jvm_args: -Xmx1024m -Dfile.encoding=windows-1252 -Duser.country=US -Duser.language=en -Duser.variant 
java_command: org.gradle.launcher.daemon.bootstrap.GradleDaemon 4.6
java_class_path (initial): D:\Android\Android StudioNew\gradle\gradle-4.6\lib\gradle-launcher-4.6.jar
Launcher Type: SUN_STANDARD

Environment Variables:
JAVA_HOME=C:\Program Files (x86)\Java\jdk1.8.0_161
PATH=C:\ProgramData\Oracle\Java\javapath;C:\Windows\system32;C:\Windows;C:\Windows\System32\Wbem;C:\Windows\System32\WindowsPowerShell\v1.0\;C:\Program Files (x86)\Java\jdk1.8.0_161\bin;D:\Android\sdk\platform-tools;C:\adb;C:\Program Files (x86)\Java\jdk1.8.0_161\bin;D:\Android\sdk\platform-tools
USERNAME=mohamadReza
OS=Windows_NT
PROCESSOR_IDENTIFIER=Intel64 Family 6 Model 23 Stepping 10, GenuineIntel



---------------  S Y S T E M  ---------------

OS: Windows 7 , 64 bit Build 7601 (6.1.7601.18015)

CPU:total 4 (initial active 4) (4 cores per cpu, 1 threads per core) family 6 model 23 stepping 10, cmov, cx8, fxsr, mmx, sse, sse2, sse3, ssse3, sse4.1, tsc

Memory: 4k page, physical 6290552k(1644656k free), swap 12579260k(7615276k free)

vm_info: Java HotSpot(TM) Client VM (25.161-b12) for windows-x86 JRE (1.8.0_161-b12), built on Dec 19 2017 17:09:29 by "java_re" with MS VC++ 10.0 (VS2010)

time: Tue Feb 12 11:31:55 2019
elapsed time: 1836 seconds (0d 0h 30m 36s)

