#
# A fatal error has been detected by the Java Runtime Environment:
#
#  EXCEPTION_ACCESS_VIOLATION (0xc0000005) at pc=0x00000000706879d9, pid=2504, tid=0x000000000000009c
#
# JRE version: OpenJDK Runtime Environment (8.0_112-b06) (build 1.8.0_112-release-b06)
# Java VM: OpenJDK 64-Bit Server VM (25.112-b06 mixed mode windows-amd64 compressed oops)
# Problematic frame:
# V  [jvm.dll+0x4d79d9]
#
# Failed to write core dump. Minidumps are not enabled by default on client versions of Windows
#
# If you would like to submit a bug report, please visit:
#   http://bugreport.java.com/bugreport/crash.jsp
#

---------------  T H R E A D  ---------------

Current thread (0x00000000560c3000):  JavaThread "C2 CompilerThread0" daemon [_thread_in_native, id=156, stack(0x00000000571c0000,0x00000000572c0000)]

siginfo: ExceptionCode=0xc0000005, reading address 0xffffffffffffffff

Registers:
RAX=0x0000000000000001, RBX=0x000000005b33c3d0, RCX=0x000000005bee20b0, RDX=0x000000005b33c3d0
RSP=0x00000000572bc040, RBP=0x0000000000000000, RSI=0x000000005bee20b0, RDI=0x697274534c4d582f
R8 =0x00000000707f8548, R9 =0x0000000000000055, R10=0x0000000000000017, R11=0x000000000000002a
R12=0x0000000000000000, R13=0x000000005bce2140, R14=0x000000005bee20b0, R15=0x000000005bce2140
RIP=0x00000000706879d9, EFLAGS=0x0000000000010246

Top of Stack: (sp=0x00000000572bc040)
0x00000000572bc040:   0000000000000005 0000000000000002
0x00000000572bc050:   00000000572be710 00000000706ebd97
0x00000000572bc060:   0000000000000002 0000000000000440
0x00000000572bc070:   000000005bee27d0 0000000000000003
0x00000000572bc080:   00000000572be710 0000000070670e1b
0x00000000572bc090:   000000005b33c3d0 000000005bee20b0
0x00000000572bc0a0:   000000005ada31a4 00000000572be710
0x00000000572bc0b0:   0000001a02c60001 0000002c00000001
0x00000000572bc0c0:   000000000000010e 0000000000000440
0x00000000572bc0d0:   0000000000000cc0 0000000000000002
0x00000000572bc0e0:   0000000000000160 0000000000000177
0x00000000572bc0f0:   0000000000000880 000000005ada41f0
0x00000000572bc100:   000000005ada3970 000000005ada3db0
0x00000000572bc110:   000000005ada3530 0000000000001100
0x00000000572bc120:   0000000000000438 00000000705ed0b0
0x00000000572bc130:   000000005604a050 000000005ada30f0 

Instructions: (pc=0x00000000706879d9)
0x00000000706879b9:   6c 24 50 48 89 74 24 58 48 89 7c 24 60 4c 89 64
0x00000000706879c9:   24 20 0f 1f 44 00 00 49 8b 7d 00 33 ed 45 33 e4
0x00000000706879d9:   39 6f 1c 0f 86 b8 00 00 00 33 f6 4c 8b 47 08 49
0x00000000706879e9:   8b 0c 30 49 3b ce 0f 85 96 00 00 00 3b 6f 18 73 


Register to memory mapping:

RAX=0x0000000000000001 is an unknown value
RBX=0x000000005b33c3d0 is an unknown value
RCX=0x000000005bee20b0 is an unknown value
RDX=0x000000005b33c3d0 is an unknown value
RSP=0x00000000572bc040 is pointing into the stack for thread: 0x00000000560c3000
RBP=0x0000000000000000 is an unknown value
RSI=0x000000005bee20b0 is an unknown value
RDI=0x697274534c4d582f is an unknown value
R8 =0x00000000707f8548 is an unknown value
R9 =0x0000000000000055 is an unknown value
R10=0x0000000000000017 is an unknown value
R11=0x000000000000002a is an unknown value
R12=0x0000000000000000 is an unknown value
R13=0x000000005bce2140 is an unknown value
R14=0x000000005bee20b0 is an unknown value
R15=0x000000005bce2140 is an unknown value


Stack: [0x00000000571c0000,0x00000000572c0000],  sp=0x00000000572bc040,  free space=1008k
Native frames: (J=compiled Java code, j=interpreted, Vv=VM code, C=native code)


Current CompileTask:
C2:3006317 16953       4       com.sun.tools.javac.jvm.ClassReader::sigToType (880 bytes)


---------------  P R O C E S S  ---------------

Java Threads: ( => current thread )
  0x000000005bd8c000 JavaThread "Cache update executor" [_thread_blocked, id=2352, stack(0x0000000060e90000,0x0000000060f90000)]
  0x000000005bd8a000 JavaThread "Stdin handler" [_thread_blocked, id=204, stack(0x0000000059c60000,0x0000000059d60000)]
  0x0000000059072000 JavaThread "Asynchronous log dispatcher for DefaultDaemonConnection: socket connection from /127.0.0.1:49334 to /127.0.0.1:49876" [_thread_blocked, id=2536, stack(0x0000000060d70000,0x0000000060e70000)]
  0x0000000059073800 JavaThread "Daemon worker Thread 7" [_thread_in_native, id=1780, stack(0x000000005a540000,0x000000005a640000)]
  0x0000000059075000 JavaThread "Cancel handler" [_thread_blocked, id=608, stack(0x000000005a2a0000,0x000000005a3a0000)]
  0x000000005906f000 JavaThread "Handler for socket connection from /127.0.0.1:49334 to /127.0.0.1:49876" [_thread_in_native, id=1748, stack(0x0000000059f20000,0x000000005a020000)]
  0x0000000059073000 JavaThread "Daemon Thread 7" [_thread_blocked, id=1816, stack(0x0000000059d80000,0x0000000059e80000)]
  0x000000005bd89000 JavaThread "pool-6-thread-4" [_thread_blocked, id=616, stack(0x0000000061940000,0x0000000061a40000)]
  0x000000005ee94800 JavaThread "pool-6-thread-3" [_thread_blocked, id=504, stack(0x000000005a440000,0x000000005a540000)]
  0x000000005ee98000 JavaThread "pool-6-thread-2" [_thread_blocked, id=2220, stack(0x0000000061250000,0x0000000061350000)]
  0x000000005ee97000 JavaThread "pool-6-thread-1" [_thread_blocked, id=2084, stack(0x0000000061150000,0x0000000061250000)]
  0x00000000590f6800 JavaThread "File lock request listener" [_thread_in_native, id=596, stack(0x000000005b970000,0x000000005ba70000)]
  0x00000000588ac000 JavaThread "pool-1-thread-1" [_thread_blocked, id=772, stack(0x000000005a0d0000,0x000000005a1d0000)]
  0x0000000058805800 JavaThread "Incoming local TCP Connector on port 49334" [_thread_in_native, id=852, stack(0x0000000059960000,0x0000000059a60000)]
  0x00000000573f2800 JavaThread "Service Thread" daemon [_thread_blocked, id=1672, stack(0x00000000578b0000,0x00000000579b0000)]
  0x000000005611d000 JavaThread "C1 CompilerThread1" daemon [_thread_blocked, id=1556, stack(0x00000000572e0000,0x00000000573e0000)]
=>0x00000000560c3000 JavaThread "C2 CompilerThread0" daemon [_thread_in_native, id=156, stack(0x00000000571c0000,0x00000000572c0000)]
  0x00000000560bf800 JavaThread "Attach Listener" daemon [_thread_blocked, id=1084, stack(0x0000000057050000,0x0000000057150000)]
  0x00000000560be800 JavaThread "Signal Dispatcher" daemon [_thread_blocked, id=640, stack(0x0000000056ec0000,0x0000000056fc0000)]
  0x000000005609d800 JavaThread "Finalizer" daemon [_thread_blocked, id=684, stack(0x0000000056d80000,0x0000000056e80000)]
  0x0000000056054800 JavaThread "Reference Handler" daemon [_thread_blocked, id=1176, stack(0x0000000056a40000,0x0000000056b40000)]
  0x00000000002fe000 JavaThread "main" [_thread_blocked, id=240, stack(0x00000000023a0000,0x00000000024a0000)]

Other Threads:
  0x000000005604a800 VMThread [stack: 0x0000000056b90000,0x0000000056c90000] [id=548]
  0x00000000573f4000 WatcherThread [stack: 0x0000000057a60000,0x0000000057b60000] [id=380]

VM state:not at safepoint (normal execution)

VM Mutex/Monitor currently owned by a thread: None

Heap:
 PSYoungGen      total 499712K, used 15679K [0x00000000e0000000, 0x0000000100000000, 0x0000000100000000)
  eden space 478720K, 0% used [0x00000000e0000000,0x00000000e0275070,0x00000000fd380000)
  from space 20992K, 62% used [0x00000000fd380000,0x00000000fe05adf8,0x00000000fe800000)
  to   space 21504K, 0% used [0x00000000feb00000,0x00000000feb00000,0x0000000100000000)
 ParOldGen       total 86528K, used 71368K [0x00000000a0000000, 0x00000000a5480000, 0x00000000e0000000)
  object space 86528K, 82% used [0x00000000a0000000,0x00000000a45b2310,0x00000000a5480000)
 Metaspace       used 75846K, capacity 79972K, committed 80128K, reserved 1118208K
  class space    used 9679K, capacity 10433K, committed 10496K, reserved 1048576K

Card table byte_map: [0x0000000011b30000,0x0000000011e40000] byte_map_base: 0x0000000011630000

Marking Bits: (ParMarkBitMap*) 0x00000000709718f0
 Begin Bits: [0x0000000012420000, 0x0000000013c20000)
 End Bits:   [0x0000000013c20000, 0x0000000015420000)

Polling page: 0x0000000000230000

CodeCache: size=245760Kb used=45172Kb max_used=45172Kb free=200587Kb
 bounds [0x0000000002770000, 0x00000000053d0000, 0x0000000011770000]
 total_blobs=14579 nmethods=13778 adapters=712
 compilation: enabled

Compilation events (10 events):
Event: 3005.235 Thread 0x000000005611d000 nmethod 16966 0x0000000005373fd0 code [0x0000000005374120, 0x0000000005374230]
Event: 3005.238 Thread 0x000000005611d000 16967       3       sun.nio.fs.NativeBuffer$Deallocator::<init> (10 bytes)
Event: 3005.238 Thread 0x000000005611d000 nmethod 16967 0x0000000005373c10 code [0x0000000005373d60, 0x0000000005373f10]
Event: 3005.246 Thread 0x000000005611d000 16968       3       org.gradle.api.internal.cache.MinimalPersistentCache::get (100 bytes)
Event: 3005.248 Thread 0x000000005611d000 nmethod 16968 0x00000000053c6710 code [0x00000000053c69a0, 0x00000000053c7c08]
Event: 3005.248 Thread 0x000000005611d000 16969       3       org.gradle.api.internal.cache.MinimalPersistentCache$1::create (17 bytes)
Event: 3005.248 Thread 0x000000005611d000 nmethod 16969 0x0000000003423e90 code [0x0000000003424000, 0x0000000003424248]
Event: 3005.261 Thread 0x000000005611d000 16970       3       org.gradle.api.file.RelativePath::getPathString (68 bytes)
Event: 3005.262 Thread 0x000000005611d000 nmethod 16970 0x00000000053c8490 code [0x00000000053c86a0, 0x00000000053c9338]
Event: 3005.266 Thread 0x000000005611d000 16971       3       com.esotericsoftware.kryo.io.Output::writeInt (81 bytes)

GC Heap History (10 events):
Event: 463.771 GC heap after
Heap after GC invocations=19 (full 3):
 PSYoungGen      total 338432K, used 32K [0x00000000e0000000, 0x00000000fcc00000, 0x0000000100000000)
  eden space 314368K, 0% used [0x00000000e0000000,0x00000000e0000000,0x00000000f3300000)
  from space 24064K, 0% used [0x00000000f4b00000,0x00000000f4b08000,0x00000000f6280000)
  to   space 24576K, 0% used [0x00000000f3300000,0x00000000f3300000,0x00000000f4b00000)
 ParOldGen       total 86528K, used 64906K [0x00000000a0000000, 0x00000000a5480000, 0x00000000e0000000)
  object space 86528K, 75% used [0x00000000a0000000,0x00000000a3f62b90,0x00000000a5480000)
 Metaspace       used 71860K, capacity 74608K, committed 74752K, reserved 1114112K
  class space    used 9286K, capacity 9883K, committed 9984K, reserved 1048576K
}
Event: 780.865 GC heap before
{Heap before GC invocations=20 (full 3):
 PSYoungGen      total 338432K, used 314400K [0x00000000e0000000, 0x00000000fcc00000, 0x0000000100000000)
  eden space 314368K, 100% used [0x00000000e0000000,0x00000000f3300000,0x00000000f3300000)
  from space 24064K, 0% used [0x00000000f4b00000,0x00000000f4b08000,0x00000000f6280000)
  to   space 24576K, 0% used [0x00000000f3300000,0x00000000f3300000,0x00000000f4b00000)
 ParOldGen       total 86528K, used 64906K [0x00000000a0000000, 0x00000000a5480000, 0x00000000e0000000)
  object space 86528K, 75% used [0x00000000a0000000,0x00000000a3f62b90,0x00000000a5480000)
 Metaspace       used 72693K, capacity 75830K, committed 76160K, reserved 1116160K
  class space    used 9391K, capacity 10016K, committed 10112K, reserved 1048576K
Event: 780.886 GC heap after
Heap after GC invocations=20 (full 3):
 PSYoungGen      total 338944K, used 4384K [0x00000000e0000000, 0x00000000fbf80000, 0x0000000100000000)
  eden space 314368K, 0% used [0x00000000e0000000,0x00000000e0000000,0x00000000f3300000)
  from space 24576K, 17% used [0x00000000f3300000,0x00000000f3748188,0x00000000f4b00000)
  to   space 24064K, 0% used [0x00000000fa800000,0x00000000fa800000,0x00000000fbf80000)
 ParOldGen       total 86528K, used 64930K [0x00000000a0000000, 0x00000000a5480000, 0x00000000e0000000)
  object space 86528K, 75% used [0x00000000a0000000,0x00000000a3f68b90,0x00000000a5480000)
 Metaspace       used 72693K, capacity 75830K, committed 76160K, reserved 1116160K
  class space    used 9391K, capacity 10016K, committed 10112K, reserved 1048576K
}
Event: 2486.550 GC heap before
{Heap before GC invocations=21 (full 3):
 PSYoungGen      total 338944K, used 318752K [0x00000000e0000000, 0x00000000fbf80000, 0x0000000100000000)
  eden space 314368K, 100% used [0x00000000e0000000,0x00000000f3300000,0x00000000f3300000)
  from space 24576K, 17% used [0x00000000f3300000,0x00000000f3748188,0x00000000f4b00000)
  to   space 24064K, 0% used [0x00000000fa800000,0x00000000fa800000,0x00000000fbf80000)
 ParOldGen       total 86528K, used 64930K [0x00000000a0000000, 0x00000000a5480000, 0x00000000e0000000)
  object space 86528K, 75% used [0x00000000a0000000,0x00000000a3f68b90,0x00000000a5480000)
 Metaspace       used 73785K, capacity 77652K, committed 77824K, reserved 1116160K
  class space    used 9508K, capacity 10203K, committed 10240K, reserved 1048576K
Event: 2486.586 GC heap after
Heap after GC invocations=21 (full 3):
 PSYoungGen      total 417792K, used 5440K [0x00000000e0000000, 0x00000000fb680000, 0x0000000100000000)
  eden space 402944K, 0% used [0x00000000e0000000,0x00000000e0000000,0x00000000f8980000)
  from space 14848K, 36% used [0x00000000fa800000,0x00000000fad50020,0x00000000fb680000)
  to   space 23040K, 0% used [0x00000000f8980000,0x00000000f8980000,0x00000000fa000000)
 ParOldGen       total 86528K, used 65700K [0x00000000a0000000, 0x00000000a5480000, 0x00000000e0000000)
  object space 86528K, 75% used [0x00000000a0000000,0x00000000a40291f8,0x00000000a5480000)
 Metaspace       used 73785K, capacity 77652K, committed 77824K, reserved 1116160K
  class space    used 9508K, capacity 10203K, committed 10240K, reserved 1048576K
}
Event: 2491.193 GC heap before
{Heap before GC invocations=22 (full 3):
 PSYoungGen      total 417792K, used 408109K [0x00000000e0000000, 0x00000000fb680000, 0x0000000100000000)
  eden space 402944K, 99% used [0x00000000e0000000,0x00000000f893b510,0x00000000f8980000)
  from space 14848K, 36% used [0x00000000fa800000,0x00000000fad50020,0x00000000fb680000)
  to   space 23040K, 0% used [0x00000000f8980000,0x00000000f8980000,0x00000000fa000000)
 ParOldGen       total 86528K, used 65700K [0x00000000a0000000, 0x00000000a5480000, 0x00000000e0000000)
  object space 86528K, 75% used [0x00000000a0000000,0x00000000a40291f8,0x00000000a5480000)
 Metaspace       used 74493K, capacity 78396K, committed 78720K, reserved 1118208K
  class space    used 9524K, capacity 10249K, committed 10368K, reserved 1048576K
Event: 2491.226 GC heap after
Heap after GC invocations=22 (full 3):
 PSYoungGen      total 425984K, used 10853K [0x00000000e0000000, 0x0000000100000000, 0x0000000100000000)
  eden space 402944K, 0% used [0x00000000e0000000,0x00000000e0000000,0x00000000f8980000)
  from space 23040K, 47% used [0x00000000f8980000,0x00000000f9419408,0x00000000fa000000)
  to   space 22528K, 0% used [0x00000000fea00000,0x00000000fea00000,0x0000000100000000)
 ParOldGen       total 86528K, used 70672K [0x00000000a0000000, 0x00000000a5480000, 0x00000000e0000000)
  object space 86528K, 81% used [0x00000000a0000000,0x00000000a45042e0,0x00000000a5480000)
 Metaspace       used 74493K, capacity 78396K, committed 78720K, reserved 1118208K
  class space    used 9524K, capacity 10249K, committed 10368K, reserved 1048576K
}
Event: 2705.809 GC heap before
{Heap before GC invocations=23 (full 3):
 PSYoungGen      total 425984K, used 410416K [0x00000000e0000000, 0x0000000100000000, 0x0000000100000000)
  eden space 402944K, 99% used [0x00000000e0000000,0x00000000f8632db0,0x00000000f8980000)
  from space 23040K, 47% used [0x00000000f8980000,0x00000000f9419408,0x00000000fa000000)
  to   space 22528K, 0% used [0x00000000fea00000,0x00000000fea00000,0x0000000100000000)
 ParOldGen       total 86528K, used 70672K [0x00000000a0000000, 0x00000000a5480000, 0x00000000e0000000)
  object space 86528K, 81% used [0x00000000a0000000,0x00000000a45042e0,0x00000000a5480000)
 Metaspace       used 74882K, capacity 78898K, committed 78976K, reserved 1118208K
  class space    used 9543K, capacity 10298K, committed 10368K, reserved 1048576K
Event: 2705.838 GC heap after
Heap after GC invocations=23 (full 3):
 PSYoungGen      total 497664K, used 8352K [0x00000000e0000000, 0x00000000ffc80000, 0x0000000100000000)
  eden space 478720K, 0% used [0x00000000e0000000,0x00000000e0000000,0x00000000fd380000)
  from space 18944K, 44% used [0x00000000fea00000,0x00000000ff228198,0x00000000ffc80000)
  to   space 20992K, 0% used [0x00000000fd380000,0x00000000fd380000,0x00000000fe800000)
 ParOldGen       total 86528K, used 70880K [0x00000000a0000000, 0x00000000a5480000, 0x00000000e0000000)
  object space 86528K, 81% used [0x00000000a0000000,0x00000000a45382f0,0x00000000a5480000)
 Metaspace       used 74882K, capacity 78898K, committed 78976K, reserved 1118208K
  class space    used 9543K, capacity 10298K, committed 10368K, reserved 1048576K
}
Event: 3005.267 GC heap before
{Heap before GC invocations=24 (full 3):
 PSYoungGen      total 497664K, used 487072K [0x00000000e0000000, 0x00000000ffc80000, 0x0000000100000000)
  eden space 478720K, 100% used [0x00000000e0000000,0x00000000fd380000,0x00000000fd380000)
  from space 18944K, 44% used [0x00000000fea00000,0x00000000ff228198,0x00000000ffc80000)
  to   space 20992K, 0% used [0x00000000fd380000,0x00000000fd380000,0x00000000fe800000)
 ParOldGen       total 86528K, used 70880K [0x00000000a0000000, 0x00000000a5480000, 0x00000000e0000000)
  object space 86528K, 81% used [0x00000000a0000000,0x00000000a45382f0,0x00000000a5480000)
 Metaspace       used 75844K, capacity 79972K, committed 80128K, reserved 1118208K
  class space    used 9679K, capacity 10433K, committed 10496K, reserved 1048576K

Deoptimization events (10 events):
Event: 3003.501 Thread 0x0000000059073800 Uncommon trap: reason=unstable_if action=reinterpret pc=0x0000000004ec890c method=com.sun.org.apache.xerces.internal.dom.ParentNode.internalInsertBefore(Lorg/w3c/dom/Node;Lorg/w3c/dom/Node;Z)Lorg/w3c/dom/Node; @ 572
Event: 3003.507 Thread 0x0000000059073800 Uncommon trap: reason=unstable_if action=reinterpret pc=0x0000000004be4c6c method=com.sun.org.apache.xerces.internal.dom.AttrImpl.setValue(Ljava/lang/String;)V @ 74
Event: 3003.578 Thread 0x0000000059073800 Uncommon trap: reason=class_check action=maybe_recompile pc=0x00000000034d707c method=com.google.common.collect.AbstractMapBasedMultimap$AsMap$AsMapIterator.hasNext()Z @ 4
Event: 3003.578 Thread 0x0000000059073800 Uncommon trap: reason=class_check action=maybe_recompile pc=0x00000000036de36c method=com.google.common.collect.AbstractMapBasedMultimap$AsMap$AsMapIterator.next()Ljava/util/Map$Entry; @ 4
Event: 3003.578 Thread 0x0000000059073800 Uncommon trap: reason=class_check action=maybe_recompile pc=0x00000000034d707c method=com.google.common.collect.AbstractMapBasedMultimap$AsMap$AsMapIterator.hasNext()Z @ 4
Event: 3003.578 Thread 0x0000000059073800 Uncommon trap: reason=class_check action=maybe_recompile pc=0x00000000036de36c method=com.google.common.collect.AbstractMapBasedMultimap$AsMap$AsMapIterator.next()Ljava/util/Map$Entry; @ 4
Event: 3003.578 Thread 0x0000000059073800 Uncommon trap: reason=class_check action=maybe_recompile pc=0x00000000034d707c method=com.google.common.collect.AbstractMapBasedMultimap$AsMap$AsMapIterator.hasNext()Z @ 4
Event: 3003.578 Thread 0x0000000059073800 Uncommon trap: reason=class_check action=maybe_recompile pc=0x00000000036de36c method=com.google.common.collect.AbstractMapBasedMultimap$AsMap$AsMapIterator.next()Ljava/util/Map$Entry; @ 4
Event: 3003.578 Thread 0x0000000059073800 Uncommon trap: reason=class_check action=maybe_recompile pc=0x00000000034d707c method=com.google.common.collect.AbstractMapBasedMultimap$AsMap$AsMapIterator.hasNext()Z @ 4
Event: 3003.578 Thread 0x0000000059073800 Uncommon trap: reason=class_check action=maybe_recompile pc=0x00000000036de36c method=com.google.common.collect.AbstractMapBasedMultimap$AsMap$AsMapIterator.next()Ljava/util/Map$Entry; @ 4

Internal exceptions (10 events):
Event: 3002.731 Thread 0x0000000059073800 Implicit null exception at 0x0000000004ad0be9 to 0x0000000004ad275d
Event: 3002.822 Thread 0x0000000059073800 Exception <a 'java/lang/ClassNotFoundException': com/android/build/gradle/tasks/CheckManifestInInstantRunMode_DecoratedBeanInfo> (0x00000000f9527c60) thrown at [C:\src\android\AOSP-openjdk\external\jetbrains\jdk\hotspot\src\share\vm\classfile\systemDictionIÎ8
¥u§@
Event: 3002.822 Thread 0x0000000059073800 Exception <a 'java/lang/ClassNotFoundException': com/android/build/gradle/tasks/CheckManifestInInstantRunModeBeanInfo> (0x00000000f953cf80) thrown at [C:\src\android\AOSP-openjdk\external\jetbrains\jdk\hotspot\src\share\vm\classfile\systemDictionary.cpp, l‘‘Ve¥u§@
Event: 3002.823 Thread 0x0000000059073800 Exception <a 'java/lang/ClassNotFoundException': com/android/build/gradle/tasks/CheckManifestInInstantRunModeCustomizer> (0x00000000f95526d8) thrown at [C:\src\android\AOSP-openjdk\external\jetbrains\jdk\hotspot\src\share\vm\classfile\systemDictionary.cpp,?õ‚2¦u§@
Event: 3002.825 Thread 0x0000000059073800 Exception <a 'java/lang/ClassNotFoundException': com/android/build/gradle/tasks/CheckManifestInInstantRunMode_DecoratedCustomizer> (0x00000000f957e558) thrown at [C:\src\android\AOSP-openjdk\external\jetbrains\jdk\hotspot\src\share\vm\classfile\systemDictiãcSÆ°u§@
Event: 3002.845 Thread 0x0000000059073800 Exception <a 'java/lang/ClassNotFoundException': com/android/build/gradle/tasks/fd/GenerateInstantRunAppInfoTask_DecoratedBeanInfo> (0x00000000f96af9a0) thrown at [C:\src\android\AOSP-openjdk\external\jetbrains\jdk\hotspot\src\share\vm\classfile\systemDicto:0&±u§@
Event: 3002.846 Thread 0x0000000059073800 Exception <a 'java/lang/ClassNotFoundException': com/android/build/gradle/tasks/fd/GenerateInstantRunAppInfoTaskBeanInfo> (0x00000000f96c5538) thrown at [C:\src\android\AOSP-openjdk\external\jetbrains\jdk\hotspot\src\share\vm\classfile\systemDictionary.cpp^ð¿ƒ±u§@
Event: 3002.847 Thread 0x0000000059073800 Exception <a 'java/lang/ClassNotFoundException': com/android/build/gradle/tasks/fd/GenerateInstantRunAppInfoTaskCustomizer> (0x00000000f96db4f8) thrown at [C:\src\android\AOSP-openjdk\external\jetbrains\jdk\hotspot\src\share\vm\classfile\systemDictionary.có›MT²u§@
Event: 3002.848 Thread 0x0000000059073800 Exception <a 'java/lang/ClassNotFoundException': com/android/build/gradle/tasks/fd/GenerateInstantRunAppInfoTask_DecoratedCustomizer> (0x00000000f9707638) thrown at [C:\src\android\AOSP-openjdk\external\jetbrains\jdk\hotspot\src\share\vm\classfile\systemDi
Event: 3003.111 Thread 0x0000000059073800 Implicit null exception at 0x0000000002d53dea to 0x0000000002d54e99

Events (10 events):
Event: 3005.161 Executing VM operation: RevokeBias done
Event: 3005.162 Executing VM operation: RevokeBias
Event: 3005.162 Executing VM operation: RevokeBias done
Event: 3005.162 Executing VM operation: RevokeBias
Event: 3005.162 Executing VM operation: RevokeBias done
Event: 3005.162 Executing VM operation: RevokeBias
Event: 3005.162 Executing VM operation: RevokeBias done
Event: 3005.190 Thread 0x0000000059073800 DEOPT PACKING pc=0x0000000004f23958 sp=0x000000005a63a6c0
Event: 3005.190 Thread 0x0000000059073800 DEOPT UNPACKING pc=0x00000000027b71bf sp=0x000000005a63a4d0 mode 0
Event: 3005.266 Executing VM operation: ParallelGCFailedAllocation


Dynamic libraries:
0x000000013f6f0000 - 0x000000013f721000 	D:\Android\ide\jre\bin\java.exe
0x0000000077810000 - 0x00000000779b9000 	C:\Windows\SYSTEM32\ntdll.dll
0x0000000077230000 - 0x000000007734f000 	C:\Windows\system32\kernel32.dll
0x000007fefdfd0000 - 0x000007fefe03c000 	C:\Windows\system32\KERNELBASE.dll
0x000007fefead0000 - 0x000007fefebab000 	C:\Windows\system32\ADVAPI32.dll
0x000007fefe230000 - 0x000007fefe2cf000 	C:\Windows\system32\msvcrt.dll
0x000007fefe210000 - 0x000007fefe22f000 	C:\Windows\SYSTEM32\sechost.dll
0x000007fefe4b0000 - 0x000007fefe5dd000 	C:\Windows\system32\RPCRT4.dll
0x0000000077130000 - 0x000000007722a000 	C:\Windows\system32\USER32.dll
0x000007fefea40000 - 0x000007fefeaa7000 	C:\Windows\system32\GDI32.dll
0x000007fefe200000 - 0x000007fefe20e000 	C:\Windows\system32\LPK.dll
0x000007fefebb0000 - 0x000007fefec79000 	C:\Windows\system32\USP10.dll
0x000007fefc600000 - 0x000007fefc7f4000 	C:\Windows\WinSxS\amd64_microsoft.windows.common-controls_6595b64144ccf1df_6.0.7601.17514_none_fa396087175ac9ac\COMCTL32.dll
0x000007fefe150000 - 0x000007fefe1c1000 	C:\Windows\system32\SHLWAPI.dll
0x000007fefe1d0000 - 0x000007fefe1fe000 	C:\Windows\system32\IMM32.DLL
0x000007fefe040000 - 0x000007fefe149000 	C:\Windows\system32\MSCTF.dll
0x000000006a3f0000 - 0x000000006a4c2000 	D:\Android\ide\jre\jre\bin\msvcr100.dll
0x00000000701b0000 - 0x00000000709ec000 	D:\Android\ide\jre\jre\bin\server\jvm.dll
0x000007fef78a0000 - 0x000007fef78a9000 	C:\Windows\system32\WSOCK32.dll
0x000007fefe740000 - 0x000007fefe78d000 	C:\Windows\system32\WS2_32.dll
0x000007fefec80000 - 0x000007fefec88000 	C:\Windows\system32\NSI.dll
0x000007fefa680000 - 0x000007fefa6bb000 	C:\Windows\system32\WINMM.dll
0x000007fefcdd0000 - 0x000007fefcddc000 	C:\Windows\system32\VERSION.dll
0x00000000779d0000 - 0x00000000779d7000 	C:\Windows\system32\PSAPI.DLL
0x000007fef7890000 - 0x000007fef789f000 	D:\Android\ide\jre\jre\bin\verify.dll
0x000007fef5270000 - 0x000007fef5299000 	D:\Android\ide\jre\jre\bin\java.dll
0x000007fef5610000 - 0x000007fef5626000 	D:\Android\ide\jre\jre\bin\zip.dll
0x000007fefed90000 - 0x000007feffb18000 	C:\Windows\system32\SHELL32.dll
0x000007fefe790000 - 0x000007fefe993000 	C:\Windows\system32\ole32.dll
0x000007fefdc70000 - 0x000007fefdc7f000 	C:\Windows\system32\profapi.dll
0x000007fef5250000 - 0x000007fef526a000 	D:\Android\ide\jre\jre\bin\net.dll
0x000007fefd4a0000 - 0x000007fefd4f5000 	C:\Windows\system32\mswsock.dll
0x000007fefd490000 - 0x000007fefd497000 	C:\Windows\System32\wship6.dll
0x000007fef5230000 - 0x000007fef5241000 	D:\Android\ide\jre\jre\bin\nio.dll
0x000007fef46f0000 - 0x000007fef470e000 	D:\Android\ide\gradle\gradle-3.4.1\native\23\windows-amd64\native-platform.dll
0x000007fefd500000 - 0x000007fefd517000 	C:\Windows\system32\CRYPTSP.dll
0x000007fefd200000 - 0x000007fefd247000 	C:\Windows\system32\rsaenh.dll
0x000007fefcfb0000 - 0x000007fefcfce000 	C:\Windows\system32\USERENV.dll
0x000007fefdba0000 - 0x000007fefdbaf000 	C:\Windows\system32\CRYPTBASE.dll
0x000007fefb8a0000 - 0x000007fefb8c7000 	C:\Windows\system32\IPHLPAPI.DLL
0x000007fefb870000 - 0x000007fefb87b000 	C:\Windows\system32\WINNSI.DLL
0x000007fefb6f0000 - 0x000007fefb701000 	C:\Windows\system32\dhcpcsvc6.DLL
0x000007fefb560000 - 0x000007fefb578000 	C:\Windows\system32\dhcpcsvc.DLL
0x000007fef5860000 - 0x000007fef586d000 	D:\Android\ide\jre\jre\bin\management.dll
0x000007fefdb40000 - 0x000007fefdb97000 	C:\Windows\system32\apphelp.dll
0x000007fef3160000 - 0x000007fef3285000 	C:\Windows\system32\dbghelp.dll

VM Arguments:
jvm_args: -Xmx1536m -Dfile.encoding=windows-1256 -Duser.country=US -Duser.language=en -Duser.variant 
java_command: org.gradle.launcher.daemon.bootstrap.GradleDaemon 3.3
java_class_path (initial): D:\Android\ide\gradle\gradle-3.4.1\wrapper\dists\gradle-3.3-all\55gk2rcmfc6p2dg9u9ohc3hw9\gradle-3.3\lib\gradle-launcher-3.3.jar
Launcher Type: SUN_STANDARD

Environment Variables:
JAVA_HOME=C:\Program Files\Java\jdk1.8.0_121
PATH=C:\Windows\System32;C:\Program Files\Java\jdk1.8.0_121\bin;D:\Android\sdk\platform-tools;C:\Program Files\Git\cmd;C:\Program Files\Java\jdk1.8.0_121\bin;D:\Android\sdk\platform-tools
USERNAME=R3ZA
OS=Windows_NT
PROCESSOR_IDENTIFIER=Intel64 Family 6 Model 15 Stepping 2, GenuineIntel



---------------  S Y S T E M  ---------------

OS: Windows 7 , 64 bit Build 7601 (6.1.7601.17932)

CPU:total 2 (2 cores per cpu, 1 threads per core) family 6 model 15 stepping 2, cmov, cx8, fxsr, mmx, sse, sse2, sse3, ssse3, tsc

Memory: 4k page, physical 4158584k(1033560k free), swap 8315316k(5062756k free)

vm_info: OpenJDK 64-Bit Server VM (25.112-b06) for windows-amd64 JRE (1.8.0_112-release-b06), built on Dec  8 2016 00:54:26 by "builder" with MS VC++ 10.0 (VS2010)

time: Mon Mar 27 00:17:11 2017
elapsed time: 3005 seconds (0d 0h 50m 5s)

